# JRE version: Java(TM) SE Runtime Environment (8.0_77-b03) (build 1.8.0_77-b03)
# Java VM: Java HotSpot(TM) 64-Bit Server VM (25.77-b03 mixed mode windows-amd64 compressed oops)
Heap:
 PSYoungGen      total 258560K, used 90005K [0x00000000eab00000, 0x00000000fcf00000, 0x0000000100000000)
  eden space 236544K, 35% used [0x00000000eab00000,0x00000000efda7920,0x00000000f9200000)
  from space 22016K, 24% used [0x00000000fa700000,0x00000000fac3dca8,0x00000000fbc80000)
  to   space 21504K, 0% used [0x00000000f9200000,0x00000000f9200000,0x00000000fa700000)
 ParOldGen       total 65024K, used 41409K [0x00000000c0000000, 0x00000000c3f80000, 0x00000000eab00000)
  object space 65024K, 63% used [0x00000000c0000000,0x00000000c28707a0,0x00000000c3f80000)
 Metaspace       used 56021K, capacity 58478K, committed 58752K, reserved 1099776K
  class space    used 7476K, capacity 7972K, committed 8064K, reserved 1048576K
GC Heap History (10 events):
Event: 165.482 GC heap before
{Heap before GC invocations=21 (full 3):
 PSYoungGen      total 227840K, used 181776K [0x00000000eab00000, 0x00000000fbe80000, 0x0000000100000000)
  eden space 204288K, 85% used [0x00000000eab00000,0x00000000f5600408,0x00000000f7280000)
  from space 23552K, 28% used [0x00000000f7280000,0x00000000f7903e00,0x00000000f8980000)
  to   space 23040K, 0% used [0x00000000fa800000,0x00000000fa800000,0x00000000fbe80000)
 ParOldGen       total 65024K, used 46072K [0x00000000c0000000, 0x00000000c3f80000, 0x00000000eab00000)
  object space 65024K, 70% used [0x00000000c0000000,0x00000000c2cfe1e8,0x00000000c3f80000)
 Metaspace       used 54090K, capacity 56016K, committed 56192K, reserved 1097728K
  class space    used 7285K, capacity 7777K, committed 7808K, reserved 1048576K
Event: 165.509 GC heap after
Heap after GC invocations=21 (full 3):
 PSYoungGen      total 258048K, used 12600K [0x00000000eab00000, 0x00000000fbd80000, 0x0000000100000000)
  eden space 236032K, 0% used [0x00000000eab00000,0x00000000eab00000,0x00000000f9180000)
  from space 22016K, 57% used [0x00000000fa800000,0x00000000fb44e260,0x00000000fbd80000)
  to   space 22528K, 0% used [0x00000000f9180000,0x00000000f9180000,0x00000000fa780000)
 ParOldGen       total 65024K, used 46080K [0x00000000c0000000, 0x00000000c3f80000, 0x00000000eab00000)
  object space 65024K, 70% used [0x00000000c0000000,0x00000000c2d001e8,0x00000000c3f80000)
 Metaspace       used 54090K, capacity 56016K, committed 56192K, reserved 1097728K
  class space    used 7285K, capacity 7777K, committed 7808K, reserved 1048576K
}
Event: 165.509 GC heap before
{Heap before GC invocations=22 (full 4):
 PSYoungGen      total 258048K, used 12600K [0x00000000eab00000, 0x00000000fbd80000, 0x0000000100000000)
  eden space 236032K, 0% used [0x00000000eab00000,0x00000000eab00000,0x00000000f9180000)
  from space 22016K, 57% used [0x00000000fa800000,0x00000000fb44e260,0x00000000fbd80000)
  to   space 22528K, 0% used [0x00000000f9180000,0x00000000f9180000,0x00000000fa780000)
 ParOldGen       total 65024K, used 46080K [0x00000000c0000000, 0x00000000c3f80000, 0x00000000eab00000)
  object space 65024K, 70% used [0x00000000c0000000,0x00000000c2d001e8,0x00000000c3f80000)
 Metaspace       used 54090K, capacity 56016K, committed 56192K, reserved 1097728K
  class space    used 7285K, capacity 7777K, committed 7808K, reserved 1048576K
Event: 166.149 GC heap after
Heap after GC invocations=22 (full 4):
 PSYoungGen      total 258048K, used 0K [0x00000000eab00000, 0x00000000fbd80000, 0x0000000100000000)
  eden space 236032K, 0% used [0x00000000eab00000,0x00000000eab00000,0x00000000f9180000)
  from space 22016K, 0% used [0x00000000fa800000,0x00000000fa800000,0x00000000fbd80000)
  to   space 22528K, 0% used [0x00000000f9180000,0x00000000f9180000,0x00000000fa780000)
 ParOldGen       total 65024K, used 53934K [0x00000000c0000000, 0x00000000c3f80000, 0x00000000eab00000)
  object space 65024K, 82% used [0x00000000c0000000,0x00000000c34abbb8,0x00000000c3f80000)
 Metaspace       used 54037K, capacity 55840K, committed 56192K, reserved 1097728K
  class space    used 7270K, capacity 7761K, committed 7808K, reserved 1048576K
}
Event: 1006.776 GC heap before
{Heap before GC invocations=23 (full 4):
 PSYoungGen      total 258048K, used 215706K [0x00000000eab00000, 0x00000000fbd80000, 0x0000000100000000)
  eden space 236032K, 91% used [0x00000000eab00000,0x00000000f7da6860,0x00000000f9180000)
  from space 22016K, 0% used [0x00000000fa800000,0x00000000fa800000,0x00000000fbd80000)
  to   space 22528K, 0% used [0x00000000f9180000,0x00000000f9180000,0x00000000fa780000)
 ParOldGen       total 65024K, used 53934K [0x00000000c0000000, 0x00000000c3f80000, 0x00000000eab00000)
  object space 65024K, 82% used [0x00000000c0000000,0x00000000c34abbb8,0x00000000c3f80000)
 Metaspace       used 54938K, capacity 57286K, committed 57344K, reserved 1099776K
  class space    used 7392K, capacity 7933K, committed 7936K, reserved 1048576K
Event: 1006.828 GC heap after
Heap after GC invocations=23 (full 4):
 PSYoungGen      total 242688K, used 6479K [0x00000000eab00000, 0x00000000fbc80000, 0x0000000100000000)
  eden space 236032K, 0% used [0x00000000eab00000,0x00000000eab00000,0x00000000f9180000)
  from space 6656K, 97% used [0x00000000f9180000,0x00000000f97d3f98,0x00000000f9800000)
  to   space 22016K, 0% used [0x00000000fa700000,0x00000000fa700000,0x00000000fbc80000)
 ParOldGen       total 65024K, used 53942K [0x00000000c0000000, 0x00000000c3f80000, 0x00000000eab00000)
  object space 65024K, 82% used [0x00000000c0000000,0x00000000c34adbb8,0x00000000c3f80000)
 Metaspace       used 54938K, capacity 57286K, committed 57344K, reserved 1099776K
  class space    used 7392K, capacity 7933K, committed 7936K, reserved 1048576K
}
Event: 1006.828 GC heap before
{Heap before GC invocations=24 (full 5):
 PSYoungGen      total 242688K, used 6479K [0x00000000eab00000, 0x00000000fbc80000, 0x0000000100000000)
  eden space 236032K, 0% used [0x00000000eab00000,0x00000000eab00000,0x00000000f9180000)
  from space 6656K, 97% used [0x00000000f9180000,0x00000000f97d3f98,0x00000000f9800000)
  to   space 22016K, 0% used [0x00000000fa700000,0x00000000fa700000,0x00000000fbc80000)
 ParOldGen       total 65024K, used 53942K [0x00000000c0000000, 0x00000000c3f80000, 0x00000000eab00000)
  object space 65024K, 82% used [0x00000000c0000000,0x00000000c34adbb8,0x00000000c3f80000)
 Metaspace       used 54938K, capacity 57286K, committed 57344K, reserved 1099776K
  class space    used 7392K, capacity 7933K, committed 7936K, reserved 1048576K
Event: 1007.467 GC heap after
Heap after GC invocations=24 (full 5):
 PSYoungGen      total 242688K, used 0K [0x00000000eab00000, 0x00000000fbc80000, 0x0000000100000000)
  eden space 236032K, 0% used [0x00000000eab00000,0x00000000eab00000,0x00000000f9180000)
  from space 6656K, 0% used [0x00000000f9180000,0x00000000f9180000,0x00000000f9800000)
  to   space 22016K, 0% used [0x00000000fa700000,0x00000000fa700000,0x00000000fbc80000)
 ParOldGen       total 65024K, used 41401K [0x00000000c0000000, 0x00000000c3f80000, 0x00000000eab00000)
  object space 65024K, 63% used [0x00000000c0000000,0x00000000c286e7a0,0x00000000c3f80000)
 Metaspace       used 54487K, capacity 56526K, committed 57344K, reserved 1099776K
  class space    used 7305K, capacity 7803K, committed 7936K, reserved 1048576K
}
Event: 1050.378 GC heap before
{Heap before GC invocations=25 (full 5):
 PSYoungGen      total 242688K, used 236032K [0x00000000eab00000, 0x00000000fbc80000, 0x0000000100000000)
  eden space 236032K, 100% used [0x00000000eab00000,0x00000000f9180000,0x00000000f9180000)
  from space 6656K, 0% used [0x00000000f9180000,0x00000000f9180000,0x00000000f9800000)
  to   space 22016K, 0% used [0x00000000fa700000,0x00000000fa700000,0x00000000fbc80000)
 ParOldGen       total 65024K, used 41401K [0x00000000c0000000, 0x00000000c3f80000, 0x00000000eab00000)
  object space 65024K, 63% used [0x00000000c0000000,0x00000000c286e7a0,0x00000000c3f80000)
 Metaspace       used 55841K, capacity 58114K, committed 58496K, reserved 1099776K
  class space    used 7449K, capacity 7943K, committed 8064K, reserved 1048576K
Event: 1050.404 GC heap after
Heap after GC invocations=25 (full 5):
 PSYoungGen      total 258560K, used 5367K [0x00000000eab00000, 0x00000000fcf00000, 0x0000000100000000)
  eden space 236544K, 0% used [0x00000000eab00000,0x00000000eab00000,0x00000000f9200000)
  from space 22016K, 24% used [0x00000000fa700000,0x00000000fac3dca8,0x00000000fbc80000)
  to   space 21504K, 0% used [0x00000000f9200000,0x00000000f9200000,0x00000000fa700000)
 ParOldGen       total 65024K, used 41409K [0x00000000c0000000, 0x00000000c3f80000, 0x00000000eab00000)
  object space 65024K, 63% used [0x00000000c0000000,0x00000000c28707a0,0x00000000c3f80000)
 Metaspace       used 55841K, capacity 58114K, committed 58496K, reserved 1099776K
  class space    used 7449K, capacity 7943K, committed 8064K, reserved 1048576K
}

