# JRE version: Java(TM) SE Runtime Environment (8.0_77-b03) (build 1.8.0_77-b03)
# Java VM: Java HotSpot(TM) 64-Bit Server VM (25.77-b03 mixed mode windows-amd64 compressed oops)
Heap:
 PSYoungGen      total 216064K, used 53576K [0x00000000eab00000, 0x00000000f8c00000, 0x0000000100000000)
  eden space 201728K, 26% used [0x00000000eab00000,0x00000000edf520d8,0x00000000f7000000)
  from space 14336K, 0% used [0x00000000f7e00000,0x00000000f7e00000,0x00000000f8c00000)
  to   space 14336K, 0% used [0x00000000f7000000,0x00000000f7000000,0x00000000f7e00000)
 ParOldGen       total 96256K, used 52631K [0x00000000c0000000, 0x00000000c5e00000, 0x00000000eab00000)
  object space 96256K, 54% used [0x00000000c0000000,0x00000000c3365c48,0x00000000c5e00000)
 Metaspace       used 52557K, capacity 54504K, committed 54784K, reserved 1095680K
  class space    used 7115K, capacity 7630K, committed 7680K, reserved 1048576K
GC Heap History (10 events):
Event: 171.692 GC heap before
{Heap before GC invocations=19 (full 3):
 PSYoungGen      total 169472K, used 153088K [0x00000000eab00000, 0x00000000f6280000, 0x0000000100000000)
  eden space 153088K, 100% used [0x00000000eab00000,0x00000000f4080000,0x00000000f4080000)
  from space 16384K, 0% used [0x00000000f4080000,0x00000000f4080000,0x00000000f5080000)
  to   space 15872K, 0% used [0x00000000f5300000,0x00000000f5300000,0x00000000f6280000)
 ParOldGen       total 52736K, used 41207K [0x00000000c0000000, 0x00000000c3380000, 0x00000000eab00000)
  object space 52736K, 78% used [0x00000000c0000000,0x00000000c283dc98,0x00000000c3380000)
 Metaspace       used 48101K, capacity 49600K, committed 49792K, reserved 1091584K
  class space    used 6621K, capacity 7011K, committed 7040K, reserved 1048576K
Event: 171.703 GC heap after
Heap after GC invocations=19 (full 3):
 PSYoungGen      total 172544K, used 3869K [0x00000000eab00000, 0x00000000f8f80000, 0x0000000100000000)
  eden space 156672K, 0% used [0x00000000eab00000,0x00000000eab00000,0x00000000f4400000)
  from space 15872K, 24% used [0x00000000f5300000,0x00000000f56c76c8,0x00000000f6280000)
  to   space 15360K, 0% used [0x00000000f4400000,0x00000000f4400000,0x00000000f5300000)
 ParOldGen       total 52736K, used 41215K [0x00000000c0000000, 0x00000000c3380000, 0x00000000eab00000)
  object space 52736K, 78% used [0x00000000c0000000,0x00000000c283fc98,0x00000000c3380000)
 Metaspace       used 48101K, capacity 49600K, committed 49792K, reserved 1091584K
  class space    used 6621K, capacity 7011K, committed 7040K, reserved 1048576K
}
Event: 176.209 GC heap before
{Heap before GC invocations=20 (full 3):
 PSYoungGen      total 172544K, used 160541K [0x00000000eab00000, 0x00000000f8f80000, 0x0000000100000000)
  eden space 156672K, 100% used [0x00000000eab00000,0x00000000f4400000,0x00000000f4400000)
  from space 15872K, 24% used [0x00000000f5300000,0x00000000f56c76c8,0x00000000f6280000)
  to   space 15360K, 0% used [0x00000000f4400000,0x00000000f4400000,0x00000000f5300000)
 ParOldGen       total 52736K, used 41215K [0x00000000c0000000, 0x00000000c3380000, 0x00000000eab00000)
  object space 52736K, 78% used [0x00000000c0000000,0x00000000c283fc98,0x00000000c3380000)
 Metaspace       used 49515K, capacity 51198K, committed 51456K, reserved 1093632K
  class space    used 6748K, capacity 7167K, committed 7168K, reserved 1048576K
Event: 176.221 GC heap after
Heap after GC invocations=20 (full 3):
 PSYoungGen      total 172032K, used 6224K [0x00000000eab00000, 0x00000000f8c00000, 0x0000000100000000)
  eden space 156672K, 0% used [0x00000000eab00000,0x00000000eab00000,0x00000000f4400000)
  from space 15360K, 40% used [0x00000000f4400000,0x00000000f4a14388,0x00000000f5300000)
  to   space 14336K, 0% used [0x00000000f7e00000,0x00000000f7e00000,0x00000000f8c00000)
 ParOldGen       total 52736K, used 42483K [0x00000000c0000000, 0x00000000c3380000, 0x00000000eab00000)
  object space 52736K, 80% used [0x00000000c0000000,0x00000000c297ce98,0x00000000c3380000)
 Metaspace       used 49515K, capacity 51198K, committed 51456K, reserved 1093632K
  class space    used 6748K, capacity 7167K, committed 7168K, reserved 1048576K
}
Event: 178.310 GC heap before
{Heap before GC invocations=21 (full 3):
 PSYoungGen      total 172032K, used 86793K [0x00000000eab00000, 0x00000000f8c00000, 0x0000000100000000)
  eden space 156672K, 51% used [0x00000000eab00000,0x00000000ef9ae130,0x00000000f4400000)
  from space 15360K, 40% used [0x00000000f4400000,0x00000000f4a14388,0x00000000f5300000)
  to   space 14336K, 0% used [0x00000000f7e00000,0x00000000f7e00000,0x00000000f8c00000)
 ParOldGen       total 52736K, used 42483K [0x00000000c0000000, 0x00000000c3380000, 0x00000000eab00000)
  object space 52736K, 80% used [0x00000000c0000000,0x00000000c297ce98,0x00000000c3380000)
 Metaspace       used 50315K, capacity 52096K, committed 52096K, reserved 1093632K
  class space    used 6835K, capacity 7296K, committed 7296K, reserved 1048576K
Event: 178.339 GC heap after
Heap after GC invocations=21 (full 3):
 PSYoungGen      total 216064K, used 8150K [0x00000000eab00000, 0x00000000f8c00000, 0x0000000100000000)
  eden space 201728K, 0% used [0x00000000eab00000,0x00000000eab00000,0x00000000f7000000)
  from space 14336K, 56% used [0x00000000f7e00000,0x00000000f85f5ad8,0x00000000f8c00000)
  to   space 14336K, 0% used [0x00000000f7000000,0x00000000f7000000,0x00000000f7e00000)
 ParOldGen       total 52736K, used 42491K [0x00000000c0000000, 0x00000000c3380000, 0x00000000eab00000)
  object space 52736K, 80% used [0x00000000c0000000,0x00000000c297ee98,0x00000000c3380000)
 Metaspace       used 50315K, capacity 52096K, committed 52096K, reserved 1093632K
  class space    used 6835K, capacity 7296K, committed 7296K, reserved 1048576K
}
Event: 178.339 GC heap before
{Heap before GC invocations=22 (full 4):
 PSYoungGen      total 216064K, used 8150K [0x00000000eab00000, 0x00000000f8c00000, 0x0000000100000000)
  eden space 201728K, 0% used [0x00000000eab00000,0x00000000eab00000,0x00000000f7000000)
  from space 14336K, 56% used [0x00000000f7e00000,0x00000000f85f5ad8,0x00000000f8c00000)
  to   space 14336K, 0% used [0x00000000f7000000,0x00000000f7000000,0x00000000f7e00000)
 ParOldGen       total 52736K, used 42491K [0x00000000c0000000, 0x00000000c3380000, 0x00000000eab00000)
  object space 52736K, 80% used [0x00000000c0000000,0x00000000c297ee98,0x00000000c3380000)
 Metaspace       used 50315K, capacity 52096K, committed 52096K, reserved 1093632K
  class space    used 6835K, capacity 7296K, committed 7296K, reserved 1048576K
Event: 179.125 GC heap after
Heap after GC invocations=22 (full 4):
 PSYoungGen      total 216064K, used 0K [0x00000000eab00000, 0x00000000f8c00000, 0x0000000100000000)
  eden space 201728K, 0% used [0x00000000eab00000,0x00000000eab00000,0x00000000f7000000)
  from space 14336K, 0% used [0x00000000f7e00000,0x00000000f7e00000,0x00000000f8c00000)
  to   space 14336K, 0% used [0x00000000f7000000,0x00000000f7000000,0x00000000f7e00000)
 ParOldGen       total 52736K, used 48964K [0x00000000c0000000, 0x00000000c3380000, 0x00000000eab00000)
  object space 52736K, 92% used [0x00000000c0000000,0x00000000c2fd10b8,0x00000000c3380000)
 Metaspace       used 50296K, capacity 52074K, committed 52096K, reserved 1093632K
  class space    used 6829K, capacity 7290K, committed 7296K, reserved 1048576K
}
Event: 311.137 GC heap before
{Heap before GC invocations=23 (full 5):
 PSYoungGen      total 216064K, used 201728K [0x00000000eab00000, 0x00000000f8c00000, 0x0000000100000000)
  eden space 201728K, 100% used [0x00000000eab00000,0x00000000f7000000,0x00000000f7000000)
  from space 14336K, 0% used [0x00000000f7e00000,0x00000000f7e00000,0x00000000f8c00000)
  to   space 14336K, 0% used [0x00000000f7000000,0x00000000f7000000,0x00000000f7e00000)
 ParOldGen       total 52736K, used 48964K [0x00000000c0000000, 0x00000000c3380000, 0x00000000eab00000)
  object space 52736K, 92% used [0x00000000c0000000,0x00000000c2fd10b8,0x00000000c3380000)
 Metaspace       used 51507K, capacity 53372K, committed 53632K, reserved 1095680K
  class space    used 6956K, capacity 7425K, committed 7552K, reserved 1048576K
Event: 311.766 GC heap after
Heap after GC invocations=23 (full 5):
 PSYoungGen      total 216064K, used 6085K [0x00000000eab00000, 0x00000000f8c00000, 0x0000000100000000)
  eden space 201728K, 3% used [0x00000000eab00000,0x00000000eb0f1480,0x00000000f7000000)
  from space 14336K, 0% used [0x00000000f7e00000,0x00000000f7e00000,0x00000000f8c00000)
  to   space 14336K, 0% used [0x00000000f7000000,0x00000000f7000000,0x00000000f7e00000)
 ParOldGen       total 96256K, used 52631K [0x00000000c0000000, 0x00000000c5e00000, 0x00000000eab00000)
  object space 96256K, 54% used [0x00000000c0000000,0x00000000c3365c48,0x00000000c5e00000)
 Metaspace       used 51507K, capacity 53372K, committed 53632K, reserved 1095680K
  class space    used 6956K, capacity 7425K, committed 7552K, reserved 1048576K
}

