# JRE version: Java(TM) SE Runtime Environment (8.0_77-b03) (build 1.8.0_77-b03)
# Java VM: Java HotSpot(TM) 64-Bit Server VM (25.77-b03 mixed mode windows-amd64 compressed oops)
Heap:
 PSYoungGen      total 246272K, used 82173K [0x00000000eab00000, 0x00000000ff700000, 0x0000000100000000)
  eden space 219136K, 25% used [0x00000000eab00000,0x00000000ee0c20f0,0x00000000f8100000)
  from space 27136K, 99% used [0x00000000f8100000,0x00000000f9b7d3a8,0x00000000f9b80000)
  to   space 33280K, 0% used [0x00000000fd680000,0x00000000fd680000,0x00000000ff700000)
 ParOldGen       total 62976K, used 52101K [0x00000000c0000000, 0x00000000c3d80000, 0x00000000eab00000)
  object space 62976K, 82% used [0x00000000c0000000,0x00000000c32e16e8,0x00000000c3d80000)
 Metaspace       used 53127K, capacity 54828K, committed 55040K, reserved 1097728K
  class space    used 7152K, capacity 7602K, committed 7680K, reserved 1048576K
GC Heap History (10 events):
Event: 30.277 GC heap before
{Heap before GC invocations=16 (full 2):
 PSYoungGen      total 155136K, used 90419K [0x00000000eab00000, 0x00000000f8480000, 0x0000000100000000)
  eden space 140288K, 53% used [0x00000000eab00000,0x00000000ef4d2f58,0x00000000f3400000)
  from space 14848K, 99% used [0x00000000f3400000,0x00000000f427a068,0x00000000f4280000)
  to   space 20480K, 0% used [0x00000000f7080000,0x00000000f7080000,0x00000000f8480000)
 ParOldGen       total 62976K, used 28754K [0x00000000c0000000, 0x00000000c3d80000, 0x00000000eab00000)
  object space 62976K, 45% used [0x00000000c0000000,0x00000000c1c14ad8,0x00000000c3d80000)
 Metaspace       used 48947K, capacity 50344K, committed 50432K, reserved 1093632K
  class space    used 6695K, capacity 7081K, committed 7168K, reserved 1048576K
Event: 30.325 GC heap after
Heap after GC invocations=16 (full 2):
 PSYoungGen      total 198144K, used 20470K [0x00000000eab00000, 0x00000000f8c80000, 0x0000000100000000)
  eden space 177664K, 0% used [0x00000000eab00000,0x00000000eab00000,0x00000000f5880000)
  from space 20480K, 99% used [0x00000000f7080000,0x00000000f847dad0,0x00000000f8480000)
  to   space 24576K, 0% used [0x00000000f5880000,0x00000000f5880000,0x00000000f7080000)
 ParOldGen       total 62976K, used 30697K [0x00000000c0000000, 0x00000000c3d80000, 0x00000000eab00000)
  object space 62976K, 48% used [0x00000000c0000000,0x00000000c1dfa680,0x00000000c3d80000)
 Metaspace       used 48947K, capacity 50344K, committed 50432K, reserved 1093632K
  class space    used 6695K, capacity 7081K, committed 7168K, reserved 1048576K
}
Event: 30.325 GC heap before
{Heap before GC invocations=17 (full 3):
 PSYoungGen      total 198144K, used 20470K [0x00000000eab00000, 0x00000000f8c80000, 0x0000000100000000)
  eden space 177664K, 0% used [0x00000000eab00000,0x00000000eab00000,0x00000000f5880000)
  from space 20480K, 99% used [0x00000000f7080000,0x00000000f847dad0,0x00000000f8480000)
  to   space 24576K, 0% used [0x00000000f5880000,0x00000000f5880000,0x00000000f7080000)
 ParOldGen       total 62976K, used 30697K [0x00000000c0000000, 0x00000000c3d80000, 0x00000000eab00000)
  object space 62976K, 48% used [0x00000000c0000000,0x00000000c1dfa680,0x00000000c3d80000)
 Metaspace       used 48947K, capacity 50344K, committed 50432K, reserved 1093632K
  class space    used 6695K, capacity 7081K, committed 7168K, reserved 1048576K
Event: 30.868 GC heap after
Heap after GC invocations=17 (full 3):
 PSYoungGen      total 198144K, used 0K [0x00000000eab00000, 0x00000000f8c80000, 0x0000000100000000)
  eden space 177664K, 0% used [0x00000000eab00000,0x00000000eab00000,0x00000000f5880000)
  from space 20480K, 0% used [0x00000000f7080000,0x00000000f7080000,0x00000000f8480000)
  to   space 24576K, 0% used [0x00000000f5880000,0x00000000f5880000,0x00000000f7080000)
 ParOldGen       total 62976K, used 46032K [0x00000000c0000000, 0x00000000c3d80000, 0x00000000eab00000)
  object space 62976K, 73% used [0x00000000c0000000,0x00000000c2cf40c0,0x00000000c3d80000)
 Metaspace       used 48947K, capacity 50344K, committed 50432K, reserved 1093632K
  class space    used 6695K, capacity 7081K, committed 7168K, reserved 1048576K
}
Event: 50.056 GC heap before
{Heap before GC invocations=18 (full 3):
 PSYoungGen      total 198144K, used 177664K [0x00000000eab00000, 0x00000000f8c80000, 0x0000000100000000)
  eden space 177664K, 100% used [0x00000000eab00000,0x00000000f5880000,0x00000000f5880000)
  from space 20480K, 0% used [0x00000000f7080000,0x00000000f7080000,0x00000000f8480000)
  to   space 24576K, 0% used [0x00000000f5880000,0x00000000f5880000,0x00000000f7080000)
 ParOldGen       total 62976K, used 46032K [0x00000000c0000000, 0x00000000c3d80000, 0x00000000eab00000)
  object space 62976K, 73% used [0x00000000c0000000,0x00000000c2cf40c0,0x00000000c3d80000)
 Metaspace       used 50389K, capacity 51988K, committed 52096K, reserved 1093632K
  class space    used 6837K, capacity 7235K, committed 7296K, reserved 1048576K
Event: 50.084 GC heap after
Heap after GC invocations=18 (full 3):
 PSYoungGen      total 202240K, used 9848K [0x00000000eab00000, 0x00000000fb200000, 0x0000000100000000)
  eden space 177664K, 0% used [0x00000000eab00000,0x00000000eab00000,0x00000000f5880000)
  from space 24576K, 40% used [0x00000000f5880000,0x00000000f621e260,0x00000000f7080000)
  to   space 23040K, 0% used [0x00000000f9b80000,0x00000000f9b80000,0x00000000fb200000)
 ParOldGen       total 62976K, used 46040K [0x00000000c0000000, 0x00000000c3d80000, 0x00000000eab00000)
  object space 62976K, 73% used [0x00000000c0000000,0x00000000c2cf60c0,0x00000000c3d80000)
 Metaspace       used 50389K, capacity 51988K, committed 52096K, reserved 1093632K
  class space    used 6837K, capacity 7235K, committed 7296K, reserved 1048576K
}
Event: 59.836 GC heap before
{Heap before GC invocations=19 (full 3):
 PSYoungGen      total 202240K, used 187512K [0x00000000eab00000, 0x00000000fb200000, 0x0000000100000000)
  eden space 177664K, 100% used [0x00000000eab00000,0x00000000f5880000,0x00000000f5880000)
  from space 24576K, 40% used [0x00000000f5880000,0x00000000f621e260,0x00000000f7080000)
  to   space 23040K, 0% used [0x00000000f9b80000,0x00000000f9b80000,0x00000000fb200000)
 ParOldGen       total 62976K, used 46040K [0x00000000c0000000, 0x00000000c3d80000, 0x00000000eab00000)
  object space 62976K, 73% used [0x00000000c0000000,0x00000000c2cf60c0,0x00000000c3d80000)
 Metaspace       used 52310K, capacity 53964K, committed 54144K, reserved 1095680K
  class space    used 7072K, capacity 7506K, committed 7552K, reserved 1048576K
Event: 59.892 GC heap after
Heap after GC invocations=19 (full 3):
 PSYoungGen      total 242176K, used 23012K [0x00000000eab00000, 0x00000000fb780000, 0x0000000100000000)
  eden space 219136K, 0% used [0x00000000eab00000,0x00000000eab00000,0x00000000f8100000)
  from space 23040K, 99% used [0x00000000f9b80000,0x00000000fb1f91f8,0x00000000fb200000)
  to   space 27136K, 0% used [0x00000000f8100000,0x00000000f8100000,0x00000000f9b80000)
 ParOldGen       total 62976K, used 47766K [0x00000000c0000000, 0x00000000c3d80000, 0x00000000eab00000)
  object space 62976K, 75% used [0x00000000c0000000,0x00000000c2ea5830,0x00000000c3d80000)
 Metaspace       used 52310K, capacity 53964K, committed 54144K, reserved 1095680K
  class space    used 7072K, capacity 7506K, committed 7552K, reserved 1048576K
}
Event: 66.200 GC heap before
{Heap before GC invocations=20 (full 3):
 PSYoungGen      total 242176K, used 242148K [0x00000000eab00000, 0x00000000fb780000, 0x0000000100000000)
  eden space 219136K, 100% used [0x00000000eab00000,0x00000000f8100000,0x00000000f8100000)
  from space 23040K, 99% used [0x00000000f9b80000,0x00000000fb1f91f8,0x00000000fb200000)
  to   space 27136K, 0% used [0x00000000f8100000,0x00000000f8100000,0x00000000f9b80000)
 ParOldGen       total 62976K, used 47766K [0x00000000c0000000, 0x00000000c3d80000, 0x00000000eab00000)
  object space 62976K, 75% used [0x00000000c0000000,0x00000000c2ea5830,0x00000000c3d80000)
 Metaspace       used 53112K, capacity 54764K, committed 55040K, reserved 1097728K
  class space    used 7152K, capacity 7602K, committed 7680K, reserved 1048576K
Event: 66.262 GC heap after
Heap after GC invocations=20 (full 3):
 PSYoungGen      total 246272K, used 27124K [0x00000000eab00000, 0x00000000ff700000, 0x0000000100000000)
  eden space 219136K, 0% used [0x00000000eab00000,0x00000000eab00000,0x00000000f8100000)
  from space 27136K, 99% used [0x00000000f8100000,0x00000000f9b7d3a8,0x00000000f9b80000)
  to   space 33280K, 0% used [0x00000000fd680000,0x00000000fd680000,0x00000000ff700000)
 ParOldGen       total 62976K, used 52101K [0x00000000c0000000, 0x00000000c3d80000, 0x00000000eab00000)
  object space 62976K, 82% used [0x00000000c0000000,0x00000000c32e16e8,0x00000000c3d80000)
 Metaspace       used 53112K, capacity 54764K, committed 55040K, reserved 1097728K
  class space    used 7152K, capacity 7602K, committed 7680K, reserved 1048576K
}

