# JRE version: Java(TM) SE Runtime Environment (8.0_77-b03) (build 1.8.0_77-b03)
# Java VM: Java HotSpot(TM) 64-Bit Server VM (25.77-b03 mixed mode windows-amd64 compressed oops)
Heap:
 PSYoungGen      total 206336K, used 49433K [0x00000000eab00000, 0x00000000f9680000, 0x0000000100000000)
  eden space 177152K, 27% used [0x00000000eab00000,0x00000000edb46750,0x00000000f5800000)
  from space 29184K, 0% used [0x00000000f7380000,0x00000000f7380000,0x00000000f9000000)
  to   space 28160K, 0% used [0x00000000f5800000,0x00000000f5800000,0x00000000f7380000)
 ParOldGen       total 61952K, used 58062K [0x00000000c0000000, 0x00000000c3c80000, 0x00000000eab00000)
  object space 61952K, 93% used [0x00000000c0000000,0x00000000c38b39b8,0x00000000c3c80000)
 Metaspace       used 49078K, capacity 49964K, committed 50176K, reserved 1093632K
  class space    used 6586K, capacity 6834K, committed 6912K, reserved 1048576K
GC Heap History (10 events):
Event: 16.764 GC heap before
{Heap before GC invocations=13 (full 2):
 PSYoungGen      total 129024K, used 128837K [0x00000000eab00000, 0x00000000f3f00000, 0x0000000100000000)
  eden space 118784K, 100% used [0x00000000eab00000,0x00000000f1f00000,0x00000000f1f00000)
  from space 10240K, 98% used [0x00000000f3500000,0x00000000f3ed14c8,0x00000000f3f00000)
  to   space 13312K, 0% used [0x00000000f2500000,0x00000000f2500000,0x00000000f3200000)
 ParOldGen       total 60928K, used 19403K [0x00000000c0000000, 0x00000000c3b80000, 0x00000000eab00000)
  object space 60928K, 31% used [0x00000000c0000000,0x00000000c12f2ca8,0x00000000c3b80000)
 Metaspace       used 45029K, capacity 45862K, committed 46080K, reserved 1089536K
  class space    used 6098K, capacity 6283K, committed 6400K, reserved 1048576K
Event: 16.803 GC heap after
Heap after GC invocations=13 (full 2):
 PSYoungGen      total 138240K, used 13288K [0x00000000eab00000, 0x00000000f5d00000, 0x0000000100000000)
  eden space 124928K, 0% used [0x00000000eab00000,0x00000000eab00000,0x00000000f2500000)
  from space 13312K, 99% used [0x00000000f2500000,0x00000000f31fa078,0x00000000f3200000)
  to   space 17408K, 0% used [0x00000000f4c00000,0x00000000f4c00000,0x00000000f5d00000)
 ParOldGen       total 60928K, used 25479K [0x00000000c0000000, 0x00000000c3b80000, 0x00000000eab00000)
  object space 60928K, 41% used [0x00000000c0000000,0x00000000c18e1e18,0x00000000c3b80000)
 Metaspace       used 45029K, capacity 45862K, committed 46080K, reserved 1089536K
  class space    used 6098K, capacity 6283K, committed 6400K, reserved 1048576K
}
Event: 19.090 GC heap before
{Heap before GC invocations=14 (full 2):
 PSYoungGen      total 138240K, used 138216K [0x00000000eab00000, 0x00000000f5d00000, 0x0000000100000000)
  eden space 124928K, 100% used [0x00000000eab00000,0x00000000f2500000,0x00000000f2500000)
  from space 13312K, 99% used [0x00000000f2500000,0x00000000f31fa078,0x00000000f3200000)
  to   space 17408K, 0% used [0x00000000f4c00000,0x00000000f4c00000,0x00000000f5d00000)
 ParOldGen       total 60928K, used 25479K [0x00000000c0000000, 0x00000000c3b80000, 0x00000000eab00000)
  object space 60928K, 41% used [0x00000000c0000000,0x00000000c18e1e18,0x00000000c3b80000)
 Metaspace       used 47493K, capacity 48396K, committed 48768K, reserved 1091584K
  class space    used 6437K, capacity 6674K, committed 6784K, reserved 1048576K
Event: 19.127 GC heap after
Heap after GC invocations=14 (full 2):
 PSYoungGen      total 161280K, used 17384K [0x00000000eab00000, 0x00000000f6c00000, 0x0000000100000000)
  eden space 143872K, 0% used [0x00000000eab00000,0x00000000eab00000,0x00000000f3780000)
  from space 17408K, 99% used [0x00000000f4c00000,0x00000000f5cfa078,0x00000000f5d00000)
  to   space 20992K, 0% used [0x00000000f3780000,0x00000000f3780000,0x00000000f4c00000)
 ParOldGen       total 60928K, used 27819K [0x00000000c0000000, 0x00000000c3b80000, 0x00000000eab00000)
  object space 60928K, 45% used [0x00000000c0000000,0x00000000c1b2ad00,0x00000000c3b80000)
 Metaspace       used 47493K, capacity 48396K, committed 48768K, reserved 1091584K
  class space    used 6437K, capacity 6674K, committed 6784K, reserved 1048576K
}
Event: 25.485 GC heap before
{Heap before GC invocations=15 (full 2):
 PSYoungGen      total 161280K, used 161256K [0x00000000eab00000, 0x00000000f6c00000, 0x0000000100000000)
  eden space 143872K, 100% used [0x00000000eab00000,0x00000000f3780000,0x00000000f3780000)
  from space 17408K, 99% used [0x00000000f4c00000,0x00000000f5cfa078,0x00000000f5d00000)
  to   space 20992K, 0% used [0x00000000f3780000,0x00000000f3780000,0x00000000f4c00000)
 ParOldGen       total 60928K, used 27819K [0x00000000c0000000, 0x00000000c3b80000, 0x00000000eab00000)
  object space 60928K, 45% used [0x00000000c0000000,0x00000000c1b2ad00,0x00000000c3b80000)
 Metaspace       used 48326K, capacity 49196K, committed 49280K, reserved 1091584K
  class space    used 6503K, capacity 6770K, committed 6784K, reserved 1048576K
Event: 25.528 GC heap after
Heap after GC invocations=15 (full 2):
 PSYoungGen      total 164864K, used 20972K [0x00000000eab00000, 0x00000000f9000000, 0x0000000100000000)
  eden space 143872K, 0% used [0x00000000eab00000,0x00000000eab00000,0x00000000f3780000)
  from space 20992K, 99% used [0x00000000f3780000,0x00000000f4bfb300,0x00000000f4c00000)
  to   space 29184K, 0% used [0x00000000f7380000,0x00000000f7380000,0x00000000f9000000)
 ParOldGen       total 60928K, used 40987K [0x00000000c0000000, 0x00000000c3b80000, 0x00000000eab00000)
  object space 60928K, 67% used [0x00000000c0000000,0x00000000c2806dd0,0x00000000c3b80000)
 Metaspace       used 48326K, capacity 49196K, committed 49280K, reserved 1091584K
  class space    used 6503K, capacity 6770K, committed 6784K, reserved 1048576K
}
Event: 27.330 GC heap before
{Heap before GC invocations=16 (full 2):
 PSYoungGen      total 164864K, used 164844K [0x00000000eab00000, 0x00000000f9000000, 0x0000000100000000)
  eden space 143872K, 100% used [0x00000000eab00000,0x00000000f3780000,0x00000000f3780000)
  from space 20992K, 99% used [0x00000000f3780000,0x00000000f4bfb300,0x00000000f4c00000)
  to   space 29184K, 0% used [0x00000000f7380000,0x00000000f7380000,0x00000000f9000000)
 ParOldGen       total 60928K, used 40987K [0x00000000c0000000, 0x00000000c3b80000, 0x00000000eab00000)
  object space 60928K, 67% used [0x00000000c0000000,0x00000000c2806dd0,0x00000000c3b80000)
 Metaspace       used 48970K, capacity 49836K, committed 50176K, reserved 1093632K
  class space    used 6584K, capacity 6834K, committed 6912K, reserved 1048576K
Event: 27.400 GC heap after
Heap after GC invocations=16 (full 2):
 PSYoungGen      total 206336K, used 5239K [0x00000000eab00000, 0x00000000f9680000, 0x0000000100000000)
  eden space 177152K, 0% used [0x00000000eab00000,0x00000000eab00000,0x00000000f5800000)
  from space 29184K, 17% used [0x00000000f7380000,0x00000000f789dd78,0x00000000f9000000)
  to   space 28160K, 0% used [0x00000000f5800000,0x00000000f5800000,0x00000000f7380000)
 ParOldGen       total 61952K, used 61812K [0x00000000c0000000, 0x00000000c3c80000, 0x00000000eab00000)
  object space 61952K, 99% used [0x00000000c0000000,0x00000000c3c5d040,0x00000000c3c80000)
 Metaspace       used 48970K, capacity 49836K, committed 50176K, reserved 1093632K
  class space    used 6584K, capacity 6834K, committed 6912K, reserved 1048576K
}
Event: 27.400 GC heap before
{Heap before GC invocations=17 (full 3):
 PSYoungGen      total 206336K, used 5239K [0x00000000eab00000, 0x00000000f9680000, 0x0000000100000000)
  eden space 177152K, 0% used [0x00000000eab00000,0x00000000eab00000,0x00000000f5800000)
  from space 29184K, 17% used [0x00000000f7380000,0x00000000f789dd78,0x00000000f9000000)
  to   space 28160K, 0% used [0x00000000f5800000,0x00000000f5800000,0x00000000f7380000)
 ParOldGen       total 61952K, used 61812K [0x00000000c0000000, 0x00000000c3c80000, 0x00000000eab00000)
  object space 61952K, 99% used [0x00000000c0000000,0x00000000c3c5d040,0x00000000c3c80000)
 Metaspace       used 48970K, capacity 49836K, committed 50176K, reserved 1093632K
  class space    used 6584K, capacity 6834K, committed 6912K, reserved 1048576K
Event: 27.866 GC heap after
Heap after GC invocations=17 (full 3):
 PSYoungGen      total 206336K, used 0K [0x00000000eab00000, 0x00000000f9680000, 0x0000000100000000)
  eden space 177152K, 0% used [0x00000000eab00000,0x00000000eab00000,0x00000000f5800000)
  from space 29184K, 0% used [0x00000000f7380000,0x00000000f7380000,0x00000000f9000000)
  to   space 28160K, 0% used [0x00000000f5800000,0x00000000f5800000,0x00000000f7380000)
 ParOldGen       total 61952K, used 58062K [0x00000000c0000000, 0x00000000c3c80000, 0x00000000eab00000)
  object space 61952K, 93% used [0x00000000c0000000,0x00000000c38b39b8,0x00000000c3c80000)
 Metaspace       used 48970K, capacity 49836K, committed 50176K, reserved 1093632K
  class space    used 6584K, capacity 6834K, committed 6912K, reserved 1048576K
}

