# JRE version: Java(TM) SE Runtime Environment (8.0_77-b03) (build 1.8.0_77-b03)
# Java VM: Java HotSpot(TM) 64-Bit Server VM (25.77-b03 mixed mode windows-amd64 compressed oops)
Heap:
 PSYoungGen      total 18432K, used 4429K [0x00000000eab00000, 0x00000000ec900000, 0x0000000100000000)
  eden space 15872K, 11% used [0x00000000eab00000,0x00000000eacd34f8,0x00000000eba80000)
  from space 2560K, 100% used [0x00000000ec680000,0x00000000ec900000,0x00000000ec900000)
  to   space 2560K, 0% used [0x00000000eba80000,0x00000000eba80000,0x00000000ebd00000)
 ParOldGen       total 29696K, used 6194K [0x00000000c0000000, 0x00000000c1d00000, 0x00000000eab00000)
  object space 29696K, 20% used [0x00000000c0000000,0x00000000c060cbb8,0x00000000c1d00000)
 Metaspace       used 6220K, capacity 7064K, committed 7424K, reserved 1062912K
  class space    used 610K, capacity 656K, committed 768K, reserved 1048576K
GC Heap History (9 events):
Event: 0.266 GC heap before
{Heap before GC invocations=1 (full 0):
 PSYoungGen      total 18432K, used 952K [0x00000000eab00000, 0x00000000ebf80000, 0x0000000100000000)
  eden space 15872K, 6% used [0x00000000eab00000,0x00000000eabee1b0,0x00000000eba80000)
  from space 2560K, 0% used [0x00000000ebd00000,0x00000000ebd00000,0x00000000ebf80000)
  to   space 2560K, 0% used [0x00000000eba80000,0x00000000eba80000,0x00000000ebd00000)
 ParOldGen       total 42496K, used 0K [0x00000000c0000000, 0x00000000c2980000, 0x00000000eab00000)
  object space 42496K, 0% used [0x00000000c0000000,0x00000000c0000000,0x00000000c2980000)
 Metaspace       used 2828K, capacity 4482K, committed 4608K, reserved 1062912K
  class space    used 304K, capacity 386K, committed 512K, reserved 1048576K
Event: 0.268 GC heap after
Heap after GC invocations=1 (full 0):
 PSYoungGen      total 18432K, used 496K [0x00000000eab00000, 0x00000000ebf80000, 0x0000000100000000)
  eden space 15872K, 0% used [0x00000000eab00000,0x00000000eab00000,0x00000000eba80000)
  from space 2560K, 19% used [0x00000000eba80000,0x00000000ebafc010,0x00000000ebd00000)
  to   space 2560K, 0% used [0x00000000ebd00000,0x00000000ebd00000,0x00000000ebf80000)
 ParOldGen       total 42496K, used 8K [0x00000000c0000000, 0x00000000c2980000, 0x00000000eab00000)
  object space 42496K, 0% used [0x00000000c0000000,0x00000000c0002000,0x00000000c2980000)
 Metaspace       used 2828K, capacity 4482K, committed 4608K, reserved 1062912K
  class space    used 304K, capacity 386K, committed 512K, reserved 1048576K
}
Event: 0.268 GC heap before
{Heap before GC invocations=2 (full 1):
 PSYoungGen      total 18432K, used 496K [0x00000000eab00000, 0x00000000ebf80000, 0x0000000100000000)
  eden space 15872K, 0% used [0x00000000eab00000,0x00000000eab00000,0x00000000eba80000)
  from space 2560K, 19% used [0x00000000eba80000,0x00000000ebafc010,0x00000000ebd00000)
  to   space 2560K, 0% used [0x00000000ebd00000,0x00000000ebd00000,0x00000000ebf80000)
 ParOldGen       total 42496K, used 8K [0x00000000c0000000, 0x00000000c2980000, 0x00000000eab00000)
  object space 42496K, 0% used [0x00000000c0000000,0x00000000c0002000,0x00000000c2980000)
 Metaspace       used 2828K, capacity 4482K, committed 4608K, reserved 1062912K
  class space    used 304K, capacity 386K, committed 512K, reserved 1048576K
Event: 0.277 GC heap after
Heap after GC invocations=2 (full 1):
 PSYoungGen      total 18432K, used 0K [0x00000000eab00000, 0x00000000ebf80000, 0x0000000100000000)
  eden space 15872K, 0% used [0x00000000eab00000,0x00000000eab00000,0x00000000eba80000)
  from space 2560K, 0% used [0x00000000eba80000,0x00000000eba80000,0x00000000ebd00000)
  to   space 2560K, 0% used [0x00000000ebd00000,0x00000000ebd00000,0x00000000ebf80000)
 ParOldGen       total 29696K, used 392K [0x00000000c0000000, 0x00000000c1d00000, 0x00000000eab00000)
  object space 29696K, 1% used [0x00000000c0000000,0x00000000c0062010,0x00000000c1d00000)
 Metaspace       used 2828K, capacity 4482K, committed 4608K, reserved 1058816K
  class space    used 304K, capacity 386K, committed 512K, reserved 1048576K
}
Event: 1.698 GC heap before
{Heap before GC invocations=3 (full 1):
 PSYoungGen      total 18432K, used 15872K [0x00000000eab00000, 0x00000000ebf80000, 0x0000000100000000)
  eden space 15872K, 100% used [0x00000000eab00000,0x00000000eba80000,0x00000000eba80000)
  from space 2560K, 0% used [0x00000000eba80000,0x00000000eba80000,0x00000000ebd00000)
  to   space 2560K, 0% used [0x00000000ebd00000,0x00000000ebd00000,0x00000000ebf80000)
 ParOldGen       total 29696K, used 392K [0x00000000c0000000, 0x00000000c1d00000, 0x00000000eab00000)
  object space 29696K, 1% used [0x00000000c0000000,0x00000000c0062010,0x00000000c1d00000)
 Metaspace       used 5799K, capacity 6708K, committed 6784K, reserved 1060864K
  class space    used 599K, capacity 620K, committed 640K, reserved 1048576K
Event: 1.707 GC heap after
Heap after GC invocations=3 (full 1):
 PSYoungGen      total 18432K, used 2535K [0x00000000eab00000, 0x00000000ec200000, 0x0000000100000000)
  eden space 15872K, 0% used [0x00000000eab00000,0x00000000eab00000,0x00000000eba80000)
  from space 2560K, 99% used [0x00000000ebd00000,0x00000000ebf79c88,0x00000000ebf80000)
  to   space 2560K, 0% used [0x00000000eba80000,0x00000000eba80000,0x00000000ebd00000)
 ParOldGen       total 29696K, used 2054K [0x00000000c0000000, 0x00000000c1d00000, 0x00000000eab00000)
  object space 29696K, 6% used [0x00000000c0000000,0x00000000c0201980,0x00000000c1d00000)
 Metaspace       used 5799K, capacity 6708K, committed 6784K, reserved 1060864K
  class space    used 599K, capacity 620K, committed 640K, reserved 1048576K
}
Event: 2.335 GC heap before
{Heap before GC invocations=4 (full 1):
 PSYoungGen      total 18432K, used 18407K [0x00000000eab00000, 0x00000000ec200000, 0x0000000100000000)
  eden space 15872K, 100% used [0x00000000eab00000,0x00000000eba80000,0x00000000eba80000)
  from space 2560K, 99% used [0x00000000ebd00000,0x00000000ebf79c88,0x00000000ebf80000)
  to   space 2560K, 0% used [0x00000000eba80000,0x00000000eba80000,0x00000000ebd00000)
 ParOldGen       total 29696K, used 2054K [0x00000000c0000000, 0x00000000c1d00000, 0x00000000eab00000)
  object space 29696K, 6% used [0x00000000c0000000,0x00000000c0201980,0x00000000c1d00000)
 Metaspace       used 6039K, capacity 6902K, committed 7040K, reserved 1060864K
  class space    used 603K, capacity 622K, committed 640K, reserved 1048576K
Event: 2.446 GC heap after
Heap after GC invocations=4 (full 1):
 PSYoungGen      total 18432K, used 2528K [0x00000000eab00000, 0x00000000ec900000, 0x0000000100000000)
  eden space 15872K, 0% used [0x00000000eab00000,0x00000000eab00000,0x00000000eba80000)
  from space 2560K, 98% used [0x00000000eba80000,0x00000000ebcf8010,0x00000000ebd00000)
  to   space 2560K, 0% used [0x00000000ec680000,0x00000000ec680000,0x00000000ec900000)
 ParOldGen       total 29696K, used 3967K [0x00000000c0000000, 0x00000000c1d00000, 0x00000000eab00000)
  object space 29696K, 13% used [0x00000000c0000000,0x00000000c03dffe0,0x00000000c1d00000)
 Metaspace       used 6039K, capacity 6902K, committed 7040K, reserved 1060864K
  class space    used 603K, capacity 622K, committed 640K, reserved 1048576K
}
Event: 2.883 GC heap before
{Heap before GC invocations=5 (full 1):
 PSYoungGen      total 18432K, used 18400K [0x00000000eab00000, 0x00000000ec900000, 0x0000000100000000)
  eden space 15872K, 100% used [0x00000000eab00000,0x00000000eba80000,0x00000000eba80000)
  from space 2560K, 98% used [0x00000000eba80000,0x00000000ebcf8010,0x00000000ebd00000)
  to   space 2560K, 0% used [0x00000000ec680000,0x00000000ec680000,0x00000000ec900000)
 ParOldGen       total 29696K, used 3967K [0x00000000c0000000, 0x00000000c1d00000, 0x00000000eab00000)
  object space 29696K, 13% used [0x00000000c0000000,0x00000000c03dffe0,0x00000000c1d00000)
 Metaspace       used 6133K, capacity 6968K, committed 7040K, reserved 1060864K
  class space    used 605K, capacity 624K, committed 640K, reserved 1048576K

