# JRE version: Java(TM) SE Runtime Environment (8.0_77-b03) (build 1.8.0_77-b03)
# Java VM: Java HotSpot(TM) 64-Bit Server VM (25.77-b03 mixed mode windows-amd64 compressed oops)
Heap:
 PSYoungGen      total 476160K, used 387072K [0x000000076ab00000, 0x0000000790080000, 0x00000007c0000000)
  eden space 387072K, 100% used [0x000000076ab00000,0x0000000782500000,0x0000000782500000)
  from space 89088K, 0% used [0x0000000788900000,0x0000000788900000,0x000000078e000000)
  to   space 102400K, 0% used [0x0000000782500000,0x0000000782500000,0x0000000788900000)
 ParOldGen       total 371200K, used 371004K [0x00000006c0000000, 0x00000006d6a80000, 0x000000076ab00000)
  object space 371200K, 99% used [0x00000006c0000000,0x00000006d6a4f108,0x00000006d6a80000)
 Metaspace       used 6710K, capacity 7320K, committed 7680K, reserved 1056768K
  class space    used 631K, capacity 656K, committed 768K, reserved 1048576K
GC Heap History (10 events):
Event: 80.656 GC heap after
Heap after GC invocations=34 (full 18):
 PSYoungGen      total 476160K, used 238990K [0x000000076ab00000, 0x0000000790080000, 0x00000007c0000000)
  eden space 387072K, 61% used [0x000000076ab00000,0x0000000779463858,0x0000000782500000)
  from space 89088K, 0% used [0x0000000788900000,0x0000000788900000,0x000000078e000000)
  to   space 102400K, 0% used [0x0000000782500000,0x0000000782500000,0x0000000788900000)
 ParOldGen       total 371200K, used 371154K [0x00000006c0000000, 0x00000006d6a80000, 0x000000076ab00000)
  object space 371200K, 99% used [0x00000006c0000000,0x00000006d6a74be8,0x00000006d6a80000)
 Metaspace       used 6709K, capacity 7320K, committed 7680K, reserved 1056768K
  class space    used 631K, capacity 656K, committed 768K, reserved 1048576K
}
Event: 80.960 GC heap before
{Heap before GC invocations=35 (full 19):
 PSYoungGen      total 476160K, used 387072K [0x000000076ab00000, 0x0000000790080000, 0x00000007c0000000)
  eden space 387072K, 100% used [0x000000076ab00000,0x0000000782500000,0x0000000782500000)
  from space 89088K, 0% used [0x0000000788900000,0x0000000788900000,0x000000078e000000)
  to   space 102400K, 0% used [0x0000000782500000,0x0000000782500000,0x0000000788900000)
 ParOldGen       total 371200K, used 371154K [0x00000006c0000000, 0x00000006d6a80000, 0x000000076ab00000)
  object space 371200K, 99% used [0x00000006c0000000,0x00000006d6a74be8,0x00000006d6a80000)
 Metaspace       used 6710K, capacity 7320K, committed 7680K, reserved 1056768K
  class space    used 631K, capacity 656K, committed 768K, reserved 1048576K
Event: 85.670 GC heap after
Heap after GC invocations=35 (full 19):
 PSYoungGen      total 476160K, used 261799K [0x000000076ab00000, 0x0000000790080000, 0x00000007c0000000)
  eden space 387072K, 67% used [0x000000076ab00000,0x000000077aaa9f58,0x0000000782500000)
  from space 89088K, 0% used [0x0000000788900000,0x0000000788900000,0x000000078e000000)
  to   space 102400K, 0% used [0x0000000782500000,0x0000000782500000,0x0000000788900000)
 ParOldGen       total 371200K, used 371153K [0x00000006c0000000, 0x00000006d6a80000, 0x000000076ab00000)
  object space 371200K, 99% used [0x00000006c0000000,0x00000006d6a74448,0x00000006d6a80000)
 Metaspace       used 6710K, capacity 7320K, committed 7680K, reserved 1056768K
  class space    used 631K, capacity 656K, committed 768K, reserved 1048576K
}
Event: 86.015 GC heap before
{Heap before GC invocations=36 (full 20):
 PSYoungGen      total 476160K, used 387072K [0x000000076ab00000, 0x0000000790080000, 0x00000007c0000000)
  eden space 387072K, 100% used [0x000000076ab00000,0x0000000782500000,0x0000000782500000)
  from space 89088K, 0% used [0x0000000788900000,0x0000000788900000,0x000000078e000000)
  to   space 102400K, 0% used [0x0000000782500000,0x0000000782500000,0x0000000788900000)
 ParOldGen       total 371200K, used 371153K [0x00000006c0000000, 0x00000006d6a80000, 0x000000076ab00000)
  object space 371200K, 99% used [0x00000006c0000000,0x00000006d6a74448,0x00000006d6a80000)
 Metaspace       used 6710K, capacity 7320K, committed 7680K, reserved 1056768K
  class space    used 631K, capacity 656K, committed 768K, reserved 1048576K
Event: 90.137 GC heap after
Heap after GC invocations=36 (full 20):
 PSYoungGen      total 476160K, used 280929K [0x000000076ab00000, 0x0000000790080000, 0x00000007c0000000)
  eden space 387072K, 72% used [0x000000076ab00000,0x000000077bd587e0,0x0000000782500000)
  from space 89088K, 0% used [0x0000000788900000,0x0000000788900000,0x000000078e000000)
  to   space 102400K, 0% used [0x0000000782500000,0x0000000782500000,0x0000000788900000)
 ParOldGen       total 371200K, used 371151K [0x00000006c0000000, 0x00000006d6a80000, 0x000000076ab00000)
  object space 371200K, 99% used [0x00000006c0000000,0x00000006d6a73f08,0x00000006d6a80000)
 Metaspace       used 6710K, capacity 7320K, committed 7680K, reserved 1056768K
  class space    used 631K, capacity 656K, committed 768K, reserved 1048576K
}
Event: 90.534 GC heap before
{Heap before GC invocations=37 (full 21):
 PSYoungGen      total 476160K, used 387072K [0x000000076ab00000, 0x0000000790080000, 0x00000007c0000000)
  eden space 387072K, 100% used [0x000000076ab00000,0x0000000782500000,0x0000000782500000)
  from space 89088K, 0% used [0x0000000788900000,0x0000000788900000,0x000000078e000000)
  to   space 102400K, 0% used [0x0000000782500000,0x0000000782500000,0x0000000788900000)
 ParOldGen       total 371200K, used 371151K [0x00000006c0000000, 0x00000006d6a80000, 0x000000076ab00000)
  object space 371200K, 99% used [0x00000006c0000000,0x00000006d6a73f08,0x00000006d6a80000)
 Metaspace       used 6710K, capacity 7320K, committed 7680K, reserved 1056768K
  class space    used 631K, capacity 656K, committed 768K, reserved 1048576K
Event: 95.122 GC heap after
Heap after GC invocations=37 (full 21):
 PSYoungGen      total 476160K, used 296673K [0x000000076ab00000, 0x0000000790080000, 0x00000007c0000000)
  eden space 387072K, 76% used [0x000000076ab00000,0x000000077ccb8570,0x0000000782500000)
  from space 89088K, 0% used [0x0000000788900000,0x0000000788900000,0x000000078e000000)
  to   space 102400K, 0% used [0x0000000782500000,0x0000000782500000,0x0000000788900000)
 ParOldGen       total 371200K, used 371005K [0x00000006c0000000, 0x00000006d6a80000, 0x000000076ab00000)
  object space 371200K, 99% used [0x00000006c0000000,0x00000006d6a4f728,0x00000006d6a80000)
 Metaspace       used 6710K, capacity 7320K, committed 7680K, reserved 1056768K
  class space    used 631K, capacity 656K, committed 768K, reserved 1048576K
}
Event: 95.479 GC heap before
{Heap before GC invocations=38 (full 22):
 PSYoungGen      total 476160K, used 387072K [0x000000076ab00000, 0x0000000790080000, 0x00000007c0000000)
  eden space 387072K, 100% used [0x000000076ab00000,0x0000000782500000,0x0000000782500000)
  from space 89088K, 0% used [0x0000000788900000,0x0000000788900000,0x000000078e000000)
  to   space 102400K, 0% used [0x0000000782500000,0x0000000782500000,0x0000000788900000)
 ParOldGen       total 371200K, used 371005K [0x00000006c0000000, 0x00000006d6a80000, 0x000000076ab00000)
  object space 371200K, 99% used [0x00000006c0000000,0x00000006d6a4f728,0x00000006d6a80000)
 Metaspace       used 6710K, capacity 7320K, committed 7680K, reserved 1056768K
  class space    used 631K, capacity 656K, committed 768K, reserved 1048576K
Event: 98.293 GC heap after
Heap after GC invocations=38 (full 22):
 PSYoungGen      total 476160K, used 310595K [0x000000076ab00000, 0x0000000790080000, 0x00000007c0000000)
  eden space 387072K, 80% used [0x000000076ab00000,0x000000077da50c70,0x0000000782500000)
  from space 89088K, 0% used [0x0000000788900000,0x0000000788900000,0x000000078e000000)
  to   space 102400K, 0% used [0x0000000782500000,0x0000000782500000,0x0000000788900000)
 ParOldGen       total 371200K, used 371004K [0x00000006c0000000, 0x00000006d6a80000, 0x000000076ab00000)
  object space 371200K, 99% used [0x00000006c0000000,0x00000006d6a4f108,0x00000006d6a80000)
 Metaspace       used 6710K, capacity 7320K, committed 7680K, reserved 1056768K
  class space    used 631K, capacity 656K, committed 768K, reserved 1048576K
}
Event: 98.563 GC heap before
{Heap before GC invocations=39 (full 23):
 PSYoungGen      total 476160K, used 387072K [0x000000076ab00000, 0x0000000790080000, 0x00000007c0000000)
  eden space 387072K, 100% used [0x000000076ab00000,0x0000000782500000,0x0000000782500000)
  from space 89088K, 0% used [0x0000000788900000,0x0000000788900000,0x000000078e000000)
  to   space 102400K, 0% used [0x0000000782500000,0x0000000782500000,0x0000000788900000)
 ParOldGen       total 371200K, used 371004K [0x00000006c0000000, 0x00000006d6a80000, 0x000000076ab00000)
  object space 371200K, 99% used [0x00000006c0000000,0x00000006d6a4f108,0x00000006d6a80000)
 Metaspace       used 6710K, capacity 7320K, committed 7680K, reserved 1056768K
  class space    used 631K, capacity 656K, committed 768K, reserved 1048576K

