# JRE version: Java(TM) SE Runtime Environment (8.0_77-b03) (build 1.8.0_77-b03)
# Java VM: Java HotSpot(TM) 64-Bit Server VM (25.77-b03 mixed mode windows-amd64 compressed oops)
Heap:
 PSYoungGen      total 366592K, used 78020K [0x000000076ab00000, 0x0000000789d80000, 0x00000007c0000000)
  eden space 305152K, 5% used [0x000000076ab00000,0x000000076bb36ea0,0x000000077d500000)
  from space 61440K, 99% used [0x000000077d500000,0x00000007810fa398,0x0000000781100000)
  to   space 82944K, 0% used [0x0000000784c80000,0x0000000784c80000,0x0000000789d80000)
 ParOldGen       total 240128K, used 172063K [0x00000006c0000000, 0x00000006cea80000, 0x000000076ab00000)
  object space 240128K, 71% used [0x00000006c0000000,0x00000006ca807ee8,0x00000006cea80000)
 Metaspace       used 6689K, capacity 7320K, committed 7680K, reserved 1056768K
  class space    used 631K, capacity 656K, committed 768K, reserved 1048576K
GC Heap History (10 events):
Event: 12.131 GC heap before
{Heap before GC invocations=12 (full 2):
 PSYoungGen      total 315904K, used 40953K [0x000000076ab00000, 0x0000000783d00000, 0x00000007c0000000)
  eden space 274944K, 0% used [0x000000076ab00000,0x000000076ab00000,0x000000077b780000)
  from space 40960K, 99% used [0x000000077ee80000,0x000000078167e6a0,0x0000000781680000)
  to   space 56320K, 0% used [0x000000077b780000,0x000000077b780000,0x000000077ee80000)
 ParOldGen       total 81920K, used 81508K [0x00000006c0000000, 0x00000006c5000000, 0x000000076ab00000)
  object space 81920K, 99% used [0x00000006c0000000,0x00000006c4f991e8,0x00000006c5000000)
 Metaspace       used 6653K, capacity 7320K, committed 7680K, reserved 1056768K
  class space    used 629K, capacity 656K, committed 768K, reserved 1048576K
Event: 14.967 GC heap after
Heap after GC invocations=12 (full 2):
 PSYoungGen      total 315904K, used 36210K [0x000000076ab00000, 0x0000000783d00000, 0x00000007c0000000)
  eden space 274944K, 0% used [0x000000076ab00000,0x000000076ab00000,0x000000077b780000)
  from space 40960K, 88% used [0x000000077ee80000,0x00000007811dc8d0,0x0000000781680000)
  to   space 56320K, 0% used [0x000000077b780000,0x000000077b780000,0x000000077ee80000)
 ParOldGen       total 148480K, used 81805K [0x00000006c0000000, 0x00000006c9100000, 0x000000076ab00000)
  object space 148480K, 55% used [0x00000006c0000000,0x00000006c4fe35b0,0x00000006c9100000)
 Metaspace       used 6653K, capacity 7320K, committed 7680K, reserved 1056768K
  class space    used 629K, capacity 656K, committed 768K, reserved 1048576K
}
Event: 16.511 GC heap before
{Heap before GC invocations=13 (full 2):
 PSYoungGen      total 315904K, used 311154K [0x000000076ab00000, 0x0000000783d00000, 0x00000007c0000000)
  eden space 274944K, 100% used [0x000000076ab00000,0x000000077b780000,0x000000077b780000)
  from space 40960K, 88% used [0x000000077ee80000,0x00000007811dc8d0,0x0000000781680000)
  to   space 56320K, 0% used [0x000000077b780000,0x000000077b780000,0x000000077ee80000)
 ParOldGen       total 148480K, used 81805K [0x00000006c0000000, 0x00000006c9100000, 0x000000076ab00000)
  object space 148480K, 55% used [0x00000006c0000000,0x00000006c4fe35b0,0x00000006c9100000)
 Metaspace       used 6665K, capacity 7320K, committed 7680K, reserved 1056768K
  class space    used 630K, capacity 656K, committed 768K, reserved 1048576K
Event: 16.777 GC heap after
Heap after GC invocations=13 (full 2):
 PSYoungGen      total 331264K, used 27668K [0x000000076ab00000, 0x0000000784d00000, 0x00000007c0000000)
  eden space 274944K, 0% used [0x000000076ab00000,0x000000076ab00000,0x000000077b780000)
  from space 56320K, 49% used [0x000000077b780000,0x000000077d285140,0x000000077ee80000)
  to   space 55808K, 0% used [0x0000000781680000,0x0000000781680000,0x0000000784d00000)
 ParOldGen       total 148480K, used 118051K [0x00000006c0000000, 0x00000006c9100000, 0x000000076ab00000)
  object space 148480K, 79% used [0x00000006c0000000,0x00000006c7348fd0,0x00000006c9100000)
 Metaspace       used 6665K, capacity 7320K, committed 7680K, reserved 1056768K
  class space    used 630K, capacity 656K, committed 768K, reserved 1048576K
}
Event: 16.777 GC heap before
{Heap before GC invocations=14 (full 3):
 PSYoungGen      total 331264K, used 27668K [0x000000076ab00000, 0x0000000784d00000, 0x00000007c0000000)
  eden space 274944K, 0% used [0x000000076ab00000,0x000000076ab00000,0x000000077b780000)
  from space 56320K, 49% used [0x000000077b780000,0x000000077d285140,0x000000077ee80000)
  to   space 55808K, 0% used [0x0000000781680000,0x0000000781680000,0x0000000784d00000)
 ParOldGen       total 148480K, used 118051K [0x00000006c0000000, 0x00000006c9100000, 0x000000076ab00000)
  object space 148480K, 79% used [0x00000006c0000000,0x00000006c7348fd0,0x00000006c9100000)
 Metaspace       used 6665K, capacity 7320K, committed 7680K, reserved 1056768K
  class space    used 630K, capacity 656K, committed 768K, reserved 1048576K
Event: 18.763 GC heap after
Heap after GC invocations=14 (full 3):
 PSYoungGen      total 331264K, used 0K [0x000000076ab00000, 0x0000000784d00000, 0x00000007c0000000)
  eden space 274944K, 0% used [0x000000076ab00000,0x000000076ab00000,0x000000077b780000)
  from space 56320K, 0% used [0x000000077b780000,0x000000077b780000,0x000000077ee80000)
  to   space 55808K, 0% used [0x0000000781680000,0x0000000781680000,0x0000000784d00000)
 ParOldGen       total 240128K, used 142026K [0x00000006c0000000, 0x00000006cea80000, 0x000000076ab00000)
  object space 240128K, 59% used [0x00000006c0000000,0x00000006c8ab2bd8,0x00000006cea80000)
 Metaspace       used 6665K, capacity 7320K, committed 7680K, reserved 1056768K
  class space    used 630K, capacity 656K, committed 768K, reserved 1048576K
}
Event: 21.015 GC heap before
{Heap before GC invocations=15 (full 3):
 PSYoungGen      total 331264K, used 274944K [0x000000076ab00000, 0x0000000784d00000, 0x00000007c0000000)
  eden space 274944K, 100% used [0x000000076ab00000,0x000000077b780000,0x000000077b780000)
  from space 56320K, 0% used [0x000000077b780000,0x000000077b780000,0x000000077ee80000)
  to   space 55808K, 0% used [0x0000000781680000,0x0000000781680000,0x0000000784d00000)
 ParOldGen       total 240128K, used 142026K [0x00000006c0000000, 0x00000006cea80000, 0x000000076ab00000)
  object space 240128K, 59% used [0x00000006c0000000,0x00000006c8ab2bd8,0x00000006cea80000)
 Metaspace       used 6680K, capacity 7320K, committed 7680K, reserved 1056768K
  class space    used 630K, capacity 656K, committed 768K, reserved 1048576K
Event: 21.205 GC heap after
Heap after GC invocations=15 (full 3):
 PSYoungGen      total 360960K, used 45195K [0x000000076ab00000, 0x0000000784d00000, 0x00000007c0000000)
  eden space 305152K, 0% used [0x000000076ab00000,0x000000076ab00000,0x000000077d500000)
  from space 55808K, 80% used [0x0000000781680000,0x00000007842a2f70,0x0000000784d00000)
  to   space 61440K, 0% used [0x000000077d500000,0x000000077d500000,0x0000000781100000)
 ParOldGen       total 240128K, used 142034K [0x00000006c0000000, 0x00000006cea80000, 0x000000076ab00000)
  object space 240128K, 59% used [0x00000006c0000000,0x00000006c8ab4bd8,0x00000006cea80000)
 Metaspace       used 6680K, capacity 7320K, committed 7680K, reserved 1056768K
  class space    used 630K, capacity 656K, committed 768K, reserved 1048576K
}
Event: 23.382 GC heap before
{Heap before GC invocations=16 (full 3):
 PSYoungGen      total 360960K, used 350347K [0x000000076ab00000, 0x0000000784d00000, 0x00000007c0000000)
  eden space 305152K, 100% used [0x000000076ab00000,0x000000077d500000,0x000000077d500000)
  from space 55808K, 80% used [0x0000000781680000,0x00000007842a2f70,0x0000000784d00000)
  to   space 61440K, 0% used [0x000000077d500000,0x000000077d500000,0x0000000781100000)
 ParOldGen       total 240128K, used 142034K [0x00000006c0000000, 0x00000006cea80000, 0x000000076ab00000)
  object space 240128K, 59% used [0x00000006c0000000,0x00000006c8ab4bd8,0x00000006cea80000)
 Metaspace       used 6687K, capacity 7320K, committed 7680K, reserved 1056768K
  class space    used 631K, capacity 656K, committed 768K, reserved 1048576K
Event: 23.778 GC heap after
Heap after GC invocations=16 (full 3):
 PSYoungGen      total 366592K, used 61416K [0x000000076ab00000, 0x0000000789d80000, 0x00000007c0000000)
  eden space 305152K, 0% used [0x000000076ab00000,0x000000076ab00000,0x000000077d500000)
  from space 61440K, 99% used [0x000000077d500000,0x00000007810fa398,0x0000000781100000)
  to   space 82944K, 0% used [0x0000000784c80000,0x0000000784c80000,0x0000000789d80000)
 ParOldGen       total 240128K, used 172063K [0x00000006c0000000, 0x00000006cea80000, 0x000000076ab00000)
  object space 240128K, 71% used [0x00000006c0000000,0x00000006ca807ee8,0x00000006cea80000)
 Metaspace       used 6687K, capacity 7320K, committed 7680K, reserved 1056768K
  class space    used 631K, capacity 656K, committed 768K, reserved 1048576K
}

