# JRE version: Java(TM) SE Runtime Environment (8.0_77-b03) (build 1.8.0_77-b03)
# Java VM: Java HotSpot(TM) 64-Bit Server VM (25.77-b03 mixed mode windows-amd64 compressed oops)
Heap:
 PSYoungGen      total 501760K, used 102727K [0x000000076ab00000, 0x0000000793180000, 0x00000007c0000000)
  eden space 377344K, 27% used [0x000000076ab00000,0x0000000770f51f88,0x0000000781b80000)
  from space 124416K, 0% used [0x0000000781b80000,0x0000000781b80000,0x0000000789500000)
  to   space 121344K, 0% used [0x000000078bb00000,0x000000078bb00000,0x0000000793180000)
 ParOldGen       total 577536K, used 577365K [0x00000006c0000000, 0x00000006e3400000, 0x000000076ab00000)
  object space 577536K, 99% used [0x00000006c0000000,0x00000006e33d56a8,0x00000006e3400000)
 Metaspace       used 6721K, capacity 7320K, committed 7680K, reserved 1056768K
  class space    used 631K, capacity 656K, committed 768K, reserved 1048576K
GC Heap History (10 events):
Event: 34.896 GC heap before
{Heap before GC invocations=24 (full 5):
 PSYoungGen      total 498688K, used 498479K [0x000000076ab00000, 0x0000000793180000, 0x00000007c0000000)
  eden space 377344K, 100% used [0x000000076ab00000,0x0000000781b80000,0x0000000781b80000)
  from space 121344K, 99% used [0x000000078bb00000,0x000000079314be90,0x0000000793180000)
  to   space 124416K, 0% used [0x0000000781b80000,0x0000000781b80000,0x0000000789500000)
 ParOldGen       total 577536K, used 387408K [0x00000006c0000000, 0x00000006e3400000, 0x000000076ab00000)
  object space 577536K, 67% used [0x00000006c0000000,0x00000006d7a54200,0x00000006e3400000)
 Metaspace       used 6721K, capacity 7320K, committed 7680K, reserved 1056768K
  class space    used 631K, capacity 656K, committed 768K, reserved 1048576K
Event: 35.226 GC heap after
Heap after GC invocations=24 (full 5):
 PSYoungGen      total 501760K, used 124412K [0x000000076ab00000, 0x0000000793180000, 0x00000007c0000000)
  eden space 377344K, 0% used [0x000000076ab00000,0x000000076ab00000,0x0000000781b80000)
  from space 124416K, 99% used [0x0000000781b80000,0x00000007894ff178,0x0000000789500000)
  to   space 121344K, 0% used [0x000000078bb00000,0x000000078bb00000,0x0000000793180000)
 ParOldGen       total 577536K, used 539457K [0x00000006c0000000, 0x00000006e3400000, 0x000000076ab00000)
  object space 577536K, 93% used [0x00000006c0000000,0x00000006e0ed0718,0x00000006e3400000)
 Metaspace       used 6721K, capacity 7320K, committed 7680K, reserved 1056768K
  class space    used 631K, capacity 656K, committed 768K, reserved 1048576K
}
Event: 35.226 GC heap before
{Heap before GC invocations=25 (full 6):
 PSYoungGen      total 501760K, used 124412K [0x000000076ab00000, 0x0000000793180000, 0x00000007c0000000)
  eden space 377344K, 0% used [0x000000076ab00000,0x000000076ab00000,0x0000000781b80000)
  from space 124416K, 99% used [0x0000000781b80000,0x00000007894ff178,0x0000000789500000)
  to   space 121344K, 0% used [0x000000078bb00000,0x000000078bb00000,0x0000000793180000)
 ParOldGen       total 577536K, used 539457K [0x00000006c0000000, 0x00000006e3400000, 0x000000076ab00000)
  object space 577536K, 93% used [0x00000006c0000000,0x00000006e0ed0718,0x00000006e3400000)
 Metaspace       used 6721K, capacity 7320K, committed 7680K, reserved 1056768K
  class space    used 631K, capacity 656K, committed 768K, reserved 1048576K
Event: 38.444 GC heap after
Heap after GC invocations=25 (full 6):
 PSYoungGen      total 501760K, used 81157K [0x000000076ab00000, 0x0000000793180000, 0x00000007c0000000)
  eden space 377344K, 0% used [0x000000076ab00000,0x000000076ab00000,0x0000000781b80000)
  from space 124416K, 65% used [0x0000000781b80000,0x0000000786ac15a8,0x0000000789500000)
  to   space 121344K, 0% used [0x000000078bb00000,0x000000078bb00000,0x0000000793180000)
 ParOldGen       total 577536K, used 577453K [0x00000006c0000000, 0x00000006e3400000, 0x000000076ab00000)
  object space 577536K, 99% used [0x00000006c0000000,0x00000006e33eb678,0x00000006e3400000)
 Metaspace       used 6721K, capacity 7320K, committed 7680K, reserved 1056768K
  class space    used 631K, capacity 656K, committed 768K, reserved 1048576K
}
Event: 39.891 GC heap before
{Heap before GC invocations=26 (full 7):
 PSYoungGen      total 501760K, used 458501K [0x000000076ab00000, 0x0000000793180000, 0x00000007c0000000)
  eden space 377344K, 100% used [0x000000076ab00000,0x0000000781b80000,0x0000000781b80000)
  from space 124416K, 65% used [0x0000000781b80000,0x0000000786ac15a8,0x0000000789500000)
  to   space 121344K, 0% used [0x000000078bb00000,0x000000078bb00000,0x0000000793180000)
 ParOldGen       total 577536K, used 577453K [0x00000006c0000000, 0x00000006e3400000, 0x000000076ab00000)
  object space 577536K, 99% used [0x00000006c0000000,0x00000006e33eb678,0x00000006e3400000)
 Metaspace       used 6721K, capacity 7320K, committed 7680K, reserved 1056768K
  class space    used 631K, capacity 656K, committed 768K, reserved 1048576K
Event: 41.999 GC heap after
Heap after GC invocations=26 (full 7):
 PSYoungGen      total 501760K, used 102832K [0x000000076ab00000, 0x0000000793180000, 0x00000007c0000000)
  eden space 377344K, 27% used [0x000000076ab00000,0x0000000770f6c3e8,0x0000000781b80000)
  from space 124416K, 0% used [0x0000000781b80000,0x0000000781b80000,0x0000000789500000)
  to   space 121344K, 0% used [0x000000078bb00000,0x000000078bb00000,0x0000000793180000)
 ParOldGen       total 577536K, used 577205K [0x00000006c0000000, 0x00000006e3400000, 0x000000076ab00000)
  object space 577536K, 99% used [0x00000006c0000000,0x00000006e33ad508,0x00000006e3400000)
 Metaspace       used 6721K, capacity 7320K, committed 7680K, reserved 1056768K
  class space    used 631K, capacity 656K, committed 768K, reserved 1048576K
}
Event: 43.244 GC heap before
{Heap before GC invocations=27 (full 8):
 PSYoungGen      total 501760K, used 377344K [0x000000076ab00000, 0x0000000793180000, 0x00000007c0000000)
  eden space 377344K, 100% used [0x000000076ab00000,0x0000000781b80000,0x0000000781b80000)
  from space 124416K, 0% used [0x0000000781b80000,0x0000000781b80000,0x0000000789500000)
  to   space 121344K, 0% used [0x000000078bb00000,0x000000078bb00000,0x0000000793180000)
 ParOldGen       total 577536K, used 577205K [0x00000006c0000000, 0x00000006e3400000, 0x000000076ab00000)
  object space 577536K, 99% used [0x00000006c0000000,0x00000006e33ad508,0x00000006e3400000)
 Metaspace       used 6721K, capacity 7320K, committed 7680K, reserved 1056768K
  class space    used 631K, capacity 656K, committed 768K, reserved 1048576K
Event: 45.709 GC heap after
Heap after GC invocations=27 (full 8):
 PSYoungGen      total 501760K, used 28904K [0x000000076ab00000, 0x0000000793180000, 0x00000007c0000000)
  eden space 377344K, 7% used [0x000000076ab00000,0x000000076c73a310,0x0000000781b80000)
  from space 124416K, 0% used [0x0000000781b80000,0x0000000781b80000,0x0000000789500000)
  to   space 121344K, 0% used [0x000000078bb00000,0x000000078bb00000,0x0000000793180000)
 ParOldGen       total 577536K, used 577164K [0x00000006c0000000, 0x00000006e3400000, 0x000000076ab00000)
  object space 577536K, 99% used [0x00000006c0000000,0x00000006e33a3060,0x00000006e3400000)
 Metaspace       used 6721K, capacity 7320K, committed 7680K, reserved 1056768K
  class space    used 631K, capacity 656K, committed 768K, reserved 1048576K
}
Event: 46.343 GC heap before
{Heap before GC invocations=28 (full 9):
 PSYoungGen      total 501760K, used 377344K [0x000000076ab00000, 0x0000000793180000, 0x00000007c0000000)
  eden space 377344K, 100% used [0x000000076ab00000,0x0000000781b80000,0x0000000781b80000)
  from space 124416K, 0% used [0x0000000781b80000,0x0000000781b80000,0x0000000789500000)
  to   space 121344K, 0% used [0x000000078bb00000,0x000000078bb00000,0x0000000793180000)
 ParOldGen       total 577536K, used 577164K [0x00000006c0000000, 0x00000006e3400000, 0x000000076ab00000)
  object space 577536K, 99% used [0x00000006c0000000,0x00000006e33a3060,0x00000006e3400000)
 Metaspace       used 6721K, capacity 7320K, committed 7680K, reserved 1056768K
  class space    used 631K, capacity 656K, committed 768K, reserved 1048576K
Event: 49.680 GC heap after
Heap after GC invocations=28 (full 9):
 PSYoungGen      total 501760K, used 13268K [0x000000076ab00000, 0x0000000793180000, 0x00000007c0000000)
  eden space 377344K, 3% used [0x000000076ab00000,0x000000076b7f5288,0x0000000781b80000)
  from space 124416K, 0% used [0x0000000781b80000,0x0000000781b80000,0x0000000789500000)
  to   space 121344K, 0% used [0x000000078bb00000,0x000000078bb00000,0x0000000793180000)
 ParOldGen       total 577536K, used 577365K [0x00000006c0000000, 0x00000006e3400000, 0x000000076ab00000)
  object space 577536K, 99% used [0x00000006c0000000,0x00000006e33d56a8,0x00000006e3400000)
 Metaspace       used 6721K, capacity 7320K, committed 7680K, reserved 1056768K
  class space    used 631K, capacity 656K, committed 768K, reserved 1048576K
}

