# JRE version: Java(TM) SE Runtime Environment (8.0_77-b03) (build 1.8.0_77-b03)
# Java VM: Java HotSpot(TM) 64-Bit Server VM (25.77-b03 mixed mode windows-amd64 compressed oops)
Heap:
 PSYoungGen      total 487424K, used 242002K [0x000000076ab00000, 0x0000000794980000, 0x00000007c0000000)
  eden space 351744K, 33% used [0x000000076ab00000,0x0000000771e4da88,0x0000000780280000)
  from space 135680K, 91% used [0x0000000789a00000,0x00000007913070d0,0x0000000791e80000)
  to   space 155136K, 0% used [0x0000000780280000,0x0000000780280000,0x0000000789a00000)
 ParOldGen       total 381440K, used 314006K [0x00000006c0000000, 0x00000006d7480000, 0x000000076ab00000)
  object space 381440K, 82% used [0x00000006c0000000,0x00000006d32a5ad8,0x00000006d7480000)
 Metaspace       used 6735K, capacity 7384K, committed 7680K, reserved 1056768K
  class space    used 631K, capacity 656K, committed 768K, reserved 1048576K
GC Heap History (10 events):
Event: 14.382 GC heap before
{Heap before GC invocations=20 (full 3):
 PSYoungGen      total 358400K, used 358390K [0x000000076ab00000, 0x0000000788e80000, 0x00000007c0000000)
  eden space 298496K, 100% used [0x000000076ab00000,0x000000077ce80000,0x000000077ce80000)
  from space 59904K, 99% used [0x0000000781e00000,0x000000078587db60,0x0000000785880000)
  to   space 81408K, 0% used [0x000000077ce80000,0x000000077ce80000,0x0000000781e00000)
 ParOldGen       total 247296K, used 181526K [0x00000006c0000000, 0x00000006cf180000, 0x000000076ab00000)
  object space 247296K, 73% used [0x00000006c0000000,0x00000006cb145b18,0x00000006cf180000)
 Metaspace       used 6720K, capacity 7320K, committed 7680K, reserved 1056768K
  class space    used 630K, capacity 656K, committed 768K, reserved 1048576K
Event: 14.563 GC heap after
Heap after GC invocations=20 (full 3):
 PSYoungGen      total 379904K, used 67731K [0x000000076ab00000, 0x000000078aa80000, 0x00000007c0000000)
  eden space 298496K, 0% used [0x000000076ab00000,0x000000076ab00000,0x000000077ce80000)
  from space 81408K, 83% used [0x000000077ce80000,0x00000007810a4fa8,0x0000000781e00000)
  to   space 90624K, 0% used [0x0000000785200000,0x0000000785200000,0x000000078aa80000)
 ParOldGen       total 247296K, used 221857K [0x00000006c0000000, 0x00000006cf180000, 0x000000076ab00000)
  object space 247296K, 89% used [0x00000006c0000000,0x00000006cd8a8580,0x00000006cf180000)
 Metaspace       used 6720K, capacity 7320K, committed 7680K, reserved 1056768K
  class space    used 630K, capacity 656K, committed 768K, reserved 1048576K
}
Event: 14.563 GC heap before
{Heap before GC invocations=21 (full 4):
 PSYoungGen      total 379904K, used 67731K [0x000000076ab00000, 0x000000078aa80000, 0x00000007c0000000)
  eden space 298496K, 0% used [0x000000076ab00000,0x000000076ab00000,0x000000077ce80000)
  from space 81408K, 83% used [0x000000077ce80000,0x00000007810a4fa8,0x0000000781e00000)
  to   space 90624K, 0% used [0x0000000785200000,0x0000000785200000,0x000000078aa80000)
 ParOldGen       total 247296K, used 221857K [0x00000006c0000000, 0x00000006cf180000, 0x000000076ab00000)
  object space 247296K, 89% used [0x00000006c0000000,0x00000006cd8a8580,0x00000006cf180000)
 Metaspace       used 6720K, capacity 7320K, committed 7680K, reserved 1056768K
  class space    used 630K, capacity 656K, committed 768K, reserved 1048576K
Event: 16.684 GC heap after
Heap after GC invocations=21 (full 4):
 PSYoungGen      total 379904K, used 40773K [0x000000076ab00000, 0x000000078aa80000, 0x00000007c0000000)
  eden space 298496K, 0% used [0x000000076ab00000,0x000000076ab00000,0x000000077ce80000)
  from space 81408K, 50% used [0x000000077ce80000,0x000000077f6514b0,0x0000000781e00000)
  to   space 90624K, 0% used [0x0000000785200000,0x0000000785200000,0x000000078aa80000)
 ParOldGen       total 381440K, used 247180K [0x00000006c0000000, 0x00000006d7480000, 0x000000076ab00000)
  object space 381440K, 64% used [0x00000006c0000000,0x00000006cf163090,0x00000006d7480000)
 Metaspace       used 6720K, capacity 7320K, committed 7680K, reserved 1056768K
  class space    used 630K, capacity 656K, committed 768K, reserved 1048576K
}
Event: 17.795 GC heap before
{Heap before GC invocations=22 (full 4):
 PSYoungGen      total 379904K, used 339269K [0x000000076ab00000, 0x000000078aa80000, 0x00000007c0000000)
  eden space 298496K, 100% used [0x000000076ab00000,0x000000077ce80000,0x000000077ce80000)
  from space 81408K, 50% used [0x000000077ce80000,0x000000077f6514b0,0x0000000781e00000)
  to   space 90624K, 0% used [0x0000000785200000,0x0000000785200000,0x000000078aa80000)
 ParOldGen       total 381440K, used 247180K [0x00000006c0000000, 0x00000006d7480000, 0x000000076ab00000)
  object space 381440K, 64% used [0x00000006c0000000,0x00000006cf163090,0x00000006d7480000)
 Metaspace       used 6721K, capacity 7320K, committed 7680K, reserved 1056768K
  class space    used 630K, capacity 656K, committed 768K, reserved 1048576K
Event: 18.035 GC heap after
Heap after GC invocations=22 (full 4):
 PSYoungGen      total 418816K, used 87075K [0x000000076ab00000, 0x000000078c000000, 0x00000007c0000000)
  eden space 328192K, 0% used [0x000000076ab00000,0x000000076ab00000,0x000000077eb80000)
  from space 90624K, 96% used [0x0000000785200000,0x000000078a708e10,0x000000078aa80000)
  to   space 104960K, 0% used [0x000000077eb80000,0x000000077eb80000,0x0000000785200000)
 ParOldGen       total 381440K, used 247188K [0x00000006c0000000, 0x00000006d7480000, 0x000000076ab00000)
  object space 381440K, 64% used [0x00000006c0000000,0x00000006cf165090,0x00000006d7480000)
 Metaspace       used 6721K, capacity 7320K, committed 7680K, reserved 1056768K
  class space    used 630K, capacity 656K, committed 768K, reserved 1048576K
}
Event: 19.650 GC heap before
{Heap before GC invocations=23 (full 4):
 PSYoungGen      total 418816K, used 415267K [0x000000076ab00000, 0x000000078c000000, 0x00000007c0000000)
  eden space 328192K, 100% used [0x000000076ab00000,0x000000077eb80000,0x000000077eb80000)
  from space 90624K, 96% used [0x0000000785200000,0x000000078a708e10,0x000000078aa80000)
  to   space 104960K, 0% used [0x000000077eb80000,0x000000077eb80000,0x0000000785200000)
 ParOldGen       total 381440K, used 247188K [0x00000006c0000000, 0x00000006d7480000, 0x000000076ab00000)
  object space 381440K, 64% used [0x00000006c0000000,0x00000006cf165090,0x00000006d7480000)
 Metaspace       used 6723K, capacity 7320K, committed 7680K, reserved 1056768K
  class space    used 630K, capacity 656K, committed 768K, reserved 1048576K
Event: 19.921 GC heap after
Heap after GC invocations=23 (full 4):
 PSYoungGen      total 433152K, used 104959K [0x000000076ab00000, 0x0000000791e80000, 0x00000007c0000000)
  eden space 328192K, 0% used [0x000000076ab00000,0x000000076ab00000,0x000000077eb80000)
  from space 104960K, 99% used [0x000000077eb80000,0x00000007851ffcb0,0x0000000785200000)
  to   space 135680K, 0% used [0x0000000789a00000,0x0000000789a00000,0x0000000791e80000)
 ParOldGen       total 381440K, used 282503K [0x00000006c0000000, 0x00000006d7480000, 0x000000076ab00000)
  object space 381440K, 74% used [0x00000006c0000000,0x00000006d13e1f50,0x00000006d7480000)
 Metaspace       used 6723K, capacity 7320K, committed 7680K, reserved 1056768K
  class space    used 630K, capacity 656K, committed 768K, reserved 1048576K
}
Event: 21.078 GC heap before
{Heap before GC invocations=24 (full 4):
 PSYoungGen      total 433152K, used 433151K [0x000000076ab00000, 0x0000000791e80000, 0x00000007c0000000)
  eden space 328192K, 100% used [0x000000076ab00000,0x000000077eb80000,0x000000077eb80000)
  from space 104960K, 99% used [0x000000077eb80000,0x00000007851ffcb0,0x0000000785200000)
  to   space 135680K, 0% used [0x0000000789a00000,0x0000000789a00000,0x0000000791e80000)
 ParOldGen       total 381440K, used 282503K [0x00000006c0000000, 0x00000006d7480000, 0x000000076ab00000)
  object space 381440K, 74% used [0x00000006c0000000,0x00000006d13e1f50,0x00000006d7480000)
 Metaspace       used 6733K, capacity 7384K, committed 7680K, reserved 1056768K
  class space    used 631K, capacity 656K, committed 768K, reserved 1048576K
Event: 21.378 GC heap after
Heap after GC invocations=24 (full 4):
 PSYoungGen      total 487424K, used 123932K [0x000000076ab00000, 0x0000000794980000, 0x00000007c0000000)
  eden space 351744K, 0% used [0x000000076ab00000,0x000000076ab00000,0x0000000780280000)
  from space 135680K, 91% used [0x0000000789a00000,0x00000007913070d0,0x0000000791e80000)
  to   space 155136K, 0% used [0x0000000780280000,0x0000000780280000,0x0000000789a00000)
 ParOldGen       total 381440K, used 314006K [0x00000006c0000000, 0x00000006d7480000, 0x000000076ab00000)
  object space 381440K, 82% used [0x00000006c0000000,0x00000006d32a5ad8,0x00000006d7480000)
 Metaspace       used 6733K, capacity 7384K, committed 7680K, reserved 1056768K
  class space    used 631K, capacity 656K, committed 768K, reserved 1048576K
}

