# JRE version: Java(TM) SE Runtime Environment (8.0_77-b03) (build 1.8.0_77-b03)
# Java VM: Java HotSpot(TM) 64-Bit Server VM (25.77-b03 mixed mode windows-amd64 compressed oops)
Heap:
 PSYoungGen      total 179712K, used 56925K [0x00000000eab00000, 0x00000000f9a80000, 0x0000000100000000)
  eden space 129536K, 9% used [0x00000000eab00000,0x00000000eb773518,0x00000000f2980000)
  from space 50176K, 88% used [0x00000000f6380000,0x00000000f8ea3fe0,0x00000000f9480000)
  to   space 57856K, 0% used [0x00000000f2980000,0x00000000f2980000,0x00000000f6200000)
 ParOldGen       total 344064K, used 189419K [0x00000000c0000000, 0x00000000d5000000, 0x00000000eab00000)
  object space 344064K, 55% used [0x00000000c0000000,0x00000000cb8fad50,0x00000000d5000000)
 Metaspace       used 6533K, capacity 7256K, committed 7424K, reserved 1056768K
  class space    used 625K, capacity 656K, committed 768K, reserved 1048576K
GC Heap History (10 events):
Event: 13.157 GC heap before
{Heap before GC invocations=9 (full 2):
 PSYoungGen      total 131584K, used 118784K [0x00000000eab00000, 0x00000000f5000000, 0x0000000100000000)
  eden space 118784K, 100% used [0x00000000eab00000,0x00000000f1f00000,0x00000000f1f00000)
  from space 12800K, 0% used [0x00000000f3380000,0x00000000f3380000,0x00000000f4000000)
  to   space 20992K, 58% used [0x00000000f1f00000,0x00000000f2af9f08,0x00000000f3380000)
 ParOldGen       total 124416K, used 82995K [0x00000000c0000000, 0x00000000c7980000, 0x00000000eab00000)
  object space 124416K, 66% used [0x00000000c0000000,0x00000000c510cdd0,0x00000000c7980000)
 Metaspace       used 6495K, capacity 7192K, committed 7424K, reserved 1056768K
  class space    used 624K, capacity 656K, committed 768K, reserved 1048576K
Event: 14.639 GC heap after
Heap after GC invocations=9 (full 2):
 PSYoungGen      total 131584K, used 27984K [0x00000000eab00000, 0x00000000f5000000, 0x0000000100000000)
  eden space 118784K, 23% used [0x00000000eab00000,0x00000000ec654140,0x00000000f1f00000)
  from space 12800K, 0% used [0x00000000f3380000,0x00000000f3380000,0x00000000f4000000)
  to   space 20992K, 0% used [0x00000000f1f00000,0x00000000f1f00000,0x00000000f3380000)
 ParOldGen       total 189440K, used 124290K [0x00000000c0000000, 0x00000000cb900000, 0x00000000eab00000)
  object space 189440K, 65% used [0x00000000c0000000,0x00000000c7960990,0x00000000cb900000)
 Metaspace       used 6495K, capacity 7192K, committed 7424K, reserved 1056768K
  class space    used 624K, capacity 656K, committed 768K, reserved 1048576K
}
Event: 15.681 GC heap before
{Heap before GC invocations=10 (full 2):
 PSYoungGen      total 131584K, used 118784K [0x00000000eab00000, 0x00000000f5000000, 0x0000000100000000)
  eden space 118784K, 100% used [0x00000000eab00000,0x00000000f1f00000,0x00000000f1f00000)
  from space 12800K, 0% used [0x00000000f3380000,0x00000000f3380000,0x00000000f4000000)
  to   space 20992K, 0% used [0x00000000f1f00000,0x00000000f1f00000,0x00000000f3380000)
 ParOldGen       total 189440K, used 124290K [0x00000000c0000000, 0x00000000cb900000, 0x00000000eab00000)
  object space 189440K, 65% used [0x00000000c0000000,0x00000000c7960990,0x00000000cb900000)
 Metaspace       used 6500K, capacity 7192K, committed 7424K, reserved 1056768K
  class space    used 624K, capacity 656K, committed 768K, reserved 1048576K
Event: 15.978 GC heap after
Heap after GC invocations=10 (full 2):
 PSYoungGen      total 139776K, used 20962K [0x00000000eab00000, 0x00000000f9480000, 0x0000000100000000)
  eden space 118784K, 0% used [0x00000000eab00000,0x00000000eab00000,0x00000000f1f00000)
  from space 20992K, 99% used [0x00000000f1f00000,0x00000000f3378980,0x00000000f3380000)
  to   space 50176K, 0% used [0x00000000f6380000,0x00000000f6380000,0x00000000f9480000)
 ParOldGen       total 189440K, used 174163K [0x00000000c0000000, 0x00000000cb900000, 0x00000000eab00000)
  object space 189440K, 91% used [0x00000000c0000000,0x00000000caa14f10,0x00000000cb900000)
 Metaspace       used 6500K, capacity 7192K, committed 7424K, reserved 1056768K
  class space    used 624K, capacity 656K, committed 768K, reserved 1048576K
}
Event: 15.978 GC heap before
{Heap before GC invocations=11 (full 3):
 PSYoungGen      total 139776K, used 20962K [0x00000000eab00000, 0x00000000f9480000, 0x0000000100000000)
  eden space 118784K, 0% used [0x00000000eab00000,0x00000000eab00000,0x00000000f1f00000)
  from space 20992K, 99% used [0x00000000f1f00000,0x00000000f3378980,0x00000000f3380000)
  to   space 50176K, 0% used [0x00000000f6380000,0x00000000f6380000,0x00000000f9480000)
 ParOldGen       total 189440K, used 174163K [0x00000000c0000000, 0x00000000cb900000, 0x00000000eab00000)
  object space 189440K, 91% used [0x00000000c0000000,0x00000000caa14f10,0x00000000cb900000)
 Metaspace       used 6500K, capacity 7192K, committed 7424K, reserved 1056768K
  class space    used 624K, capacity 656K, committed 768K, reserved 1048576K
Event: 16.712 GC heap after
Heap after GC invocations=11 (full 3):
 PSYoungGen      total 139776K, used 989K [0x00000000eab00000, 0x00000000f9480000, 0x0000000100000000)
  eden space 118784K, 0% used [0x00000000eab00000,0x00000000eab00000,0x00000000f1f00000)
  from space 20992K, 4% used [0x00000000f1f00000,0x00000000f1ff74f0,0x00000000f3380000)
  to   space 50176K, 0% used [0x00000000f6380000,0x00000000f6380000,0x00000000f9480000)
 ParOldGen       total 189440K, used 189263K [0x00000000c0000000, 0x00000000cb900000, 0x00000000eab00000)
  object space 189440K, 99% used [0x00000000c0000000,0x00000000cb8d3ef8,0x00000000cb900000)
 Metaspace       used 6500K, capacity 7192K, committed 7424K, reserved 1056768K
  class space    used 624K, capacity 656K, committed 768K, reserved 1048576K
}
Event: 18.136 GC heap before
{Heap before GC invocations=12 (full 4):
 PSYoungGen      total 139776K, used 119773K [0x00000000eab00000, 0x00000000f9480000, 0x0000000100000000)
  eden space 118784K, 100% used [0x00000000eab00000,0x00000000f1f00000,0x00000000f1f00000)
  from space 20992K, 4% used [0x00000000f1f00000,0x00000000f1ff74f0,0x00000000f3380000)
  to   space 50176K, 0% used [0x00000000f6380000,0x00000000f6380000,0x00000000f9480000)
 ParOldGen       total 189440K, used 189263K [0x00000000c0000000, 0x00000000cb900000, 0x00000000eab00000)
  object space 189440K, 99% used [0x00000000c0000000,0x00000000cb8d3ef8,0x00000000cb900000)
 Metaspace       used 6510K, capacity 7192K, committed 7424K, reserved 1056768K
  class space    used 625K, capacity 656K, committed 768K, reserved 1048576K
Event: 22.047 GC heap after
Heap after GC invocations=12 (full 4):
 PSYoungGen      total 139776K, used 14395K [0x00000000eab00000, 0x00000000f9480000, 0x0000000100000000)
  eden space 118784K, 12% used [0x00000000eab00000,0x00000000eb90efd8,0x00000000f1f00000)
  from space 20992K, 0% used [0x00000000f1f00000,0x00000000f1f00000,0x00000000f3380000)
  to   space 50176K, 0% used [0x00000000f6380000,0x00000000f6380000,0x00000000f9480000)
 ParOldGen       total 344064K, used 189411K [0x00000000c0000000, 0x00000000d5000000, 0x00000000eab00000)
  object space 344064K, 55% used [0x00000000c0000000,0x00000000cb8f8d50,0x00000000d5000000)
 Metaspace       used 6510K, capacity 7192K, committed 7424K, reserved 1056768K
  class space    used 625K, capacity 656K, committed 768K, reserved 1048576K
}
Event: 26.722 GC heap before
{Heap before GC invocations=13 (full 4):
 PSYoungGen      total 139776K, used 118784K [0x00000000eab00000, 0x00000000f9480000, 0x0000000100000000)
  eden space 118784K, 100% used [0x00000000eab00000,0x00000000f1f00000,0x00000000f1f00000)
  from space 20992K, 0% used [0x00000000f1f00000,0x00000000f1f00000,0x00000000f3380000)
  to   space 50176K, 0% used [0x00000000f6380000,0x00000000f6380000,0x00000000f9480000)
 ParOldGen       total 344064K, used 189411K [0x00000000c0000000, 0x00000000d5000000, 0x00000000eab00000)
  object space 344064K, 55% used [0x00000000c0000000,0x00000000cb8f8d50,0x00000000d5000000)
 Metaspace       used 6532K, capacity 7192K, committed 7424K, reserved 1056768K
  class space    used 625K, capacity 656K, committed 768K, reserved 1048576K
Event: 27.733 GC heap after
Heap after GC invocations=13 (full 4):
 PSYoungGen      total 179712K, used 44175K [0x00000000eab00000, 0x00000000f9a80000, 0x0000000100000000)
  eden space 129536K, 0% used [0x00000000eab00000,0x00000000eab00000,0x00000000f2980000)
  from space 50176K, 88% used [0x00000000f6380000,0x00000000f8ea3fe0,0x00000000f9480000)
  to   space 57856K, 0% used [0x00000000f2980000,0x00000000f2980000,0x00000000f6200000)
 ParOldGen       total 344064K, used 189419K [0x00000000c0000000, 0x00000000d5000000, 0x00000000eab00000)
  object space 344064K, 55% used [0x00000000c0000000,0x00000000cb8fad50,0x00000000d5000000)
 Metaspace       used 6532K, capacity 7192K, committed 7424K, reserved 1056768K
  class space    used 625K, capacity 656K, committed 768K, reserved 1048576K
}

