# JRE version: Java(TM) SE Runtime Environment (8.0_77-b03) (build 1.8.0_77-b03)
# Java VM: Java HotSpot(TM) 64-Bit Server VM (25.77-b03 mixed mode windows-amd64 compressed oops)
Heap:
 PSYoungGen      total 432640K, used 128419K [0x000000076ab00000, 0x0000000791480000, 0x00000007c0000000)
  eden space 329728K, 7% used [0x000000076ab00000,0x000000076c3ea258,0x000000077ed00000)
  from space 102912K, 99% used [0x000000077ed00000,0x000000078517e9b8,0x0000000785180000)
  to   space 132096K, 0% used [0x0000000789380000,0x0000000789380000,0x0000000791480000)
 ParOldGen       total 380928K, used 280944K [0x00000006c0000000, 0x00000006d7400000, 0x000000076ab00000)
  object space 380928K, 73% used [0x00000006c0000000,0x00000006d125c330,0x00000006d7400000)
 Metaspace       used 6704K, capacity 7320K, committed 7680K, reserved 1056768K
  class space    used 628K, capacity 656K, committed 768K, reserved 1048576K
GC Heap History (10 events):
Event: 15.640 GC heap before
{Heap before GC invocations=19 (full 3):
 PSYoungGen      total 325632K, used 322560K [0x000000076ab00000, 0x0000000785880000, 0x00000007c0000000)
  eden space 274944K, 100% used [0x000000076ab00000,0x000000077b780000,0x000000077b780000)
  from space 50688K, 93% used [0x000000077b780000,0x000000077e6000c0,0x000000077e900000)
  to   space 58368K, 0% used [0x0000000781f80000,0x0000000781f80000,0x0000000785880000)
 ParOldGen       total 248832K, used 151731K [0x00000006c0000000, 0x00000006cf300000, 0x000000076ab00000)
  object space 248832K, 60% used [0x00000006c0000000,0x00000006c942cd20,0x00000006cf300000)
 Metaspace       used 6685K, capacity 7320K, committed 7680K, reserved 1056768K
  class space    used 628K, capacity 656K, committed 768K, reserved 1048576K
Event: 15.900 GC heap after
Heap after GC invocations=19 (full 3):
 PSYoungGen      total 360960K, used 58339K [0x000000076ab00000, 0x0000000788400000, 0x00000007c0000000)
  eden space 302592K, 0% used [0x000000076ab00000,0x000000076ab00000,0x000000077d280000)
  from space 58368K, 99% used [0x0000000781f80000,0x0000000785878e60,0x0000000785880000)
  to   space 78848K, 0% used [0x000000077d280000,0x000000077d280000,0x0000000781f80000)
 ParOldGen       total 248832K, used 181115K [0x00000006c0000000, 0x00000006cf300000, 0x000000076ab00000)
  object space 248832K, 72% used [0x00000006c0000000,0x00000006cb0def90,0x00000006cf300000)
 Metaspace       used 6685K, capacity 7320K, committed 7680K, reserved 1056768K
  class space    used 628K, capacity 656K, committed 768K, reserved 1048576K
}
Event: 17.617 GC heap before
{Heap before GC invocations=20 (full 3):
 PSYoungGen      total 360960K, used 360931K [0x000000076ab00000, 0x0000000788400000, 0x00000007c0000000)
  eden space 302592K, 100% used [0x000000076ab00000,0x000000077d280000,0x000000077d280000)
  from space 58368K, 99% used [0x0000000781f80000,0x0000000785878e60,0x0000000785880000)
  to   space 78848K, 0% used [0x000000077d280000,0x000000077d280000,0x0000000781f80000)
 ParOldGen       total 248832K, used 181115K [0x00000006c0000000, 0x00000006cf300000, 0x000000076ab00000)
  object space 248832K, 72% used [0x00000006c0000000,0x00000006cb0def90,0x00000006cf300000)
 Metaspace       used 6696K, capacity 7320K, committed 7680K, reserved 1056768K
  class space    used 628K, capacity 656K, committed 768K, reserved 1048576K
Event: 17.856 GC heap after
Heap after GC invocations=20 (full 3):
 PSYoungGen      total 381440K, used 74498K [0x000000076ab00000, 0x000000078aa80000, 0x00000007c0000000)
  eden space 302592K, 0% used [0x000000076ab00000,0x000000076ab00000,0x000000077d280000)
  from space 78848K, 94% used [0x000000077d280000,0x0000000781b40a98,0x0000000781f80000)
  to   space 91136K, 0% used [0x0000000785180000,0x0000000785180000,0x000000078aa80000)
 ParOldGen       total 248832K, used 212636K [0x00000006c0000000, 0x00000006cf300000, 0x000000076ab00000)
  object space 248832K, 85% used [0x00000006c0000000,0x00000006ccfa7238,0x00000006cf300000)
 Metaspace       used 6696K, capacity 7320K, committed 7680K, reserved 1056768K
  class space    used 628K, capacity 656K, committed 768K, reserved 1048576K
}
Event: 17.856 GC heap before
{Heap before GC invocations=21 (full 4):
 PSYoungGen      total 381440K, used 74498K [0x000000076ab00000, 0x000000078aa80000, 0x00000007c0000000)
  eden space 302592K, 0% used [0x000000076ab00000,0x000000076ab00000,0x000000077d280000)
  from space 78848K, 94% used [0x000000077d280000,0x0000000781b40a98,0x0000000781f80000)
  to   space 91136K, 0% used [0x0000000785180000,0x0000000785180000,0x000000078aa80000)
 ParOldGen       total 248832K, used 212636K [0x00000006c0000000, 0x00000006cf300000, 0x000000076ab00000)
  object space 248832K, 85% used [0x00000006c0000000,0x00000006ccfa7238,0x00000006cf300000)
 Metaspace       used 6696K, capacity 7320K, committed 7680K, reserved 1056768K
  class space    used 628K, capacity 656K, committed 768K, reserved 1048576K
Event: 20.650 GC heap after
Heap after GC invocations=21 (full 4):
 PSYoungGen      total 381440K, used 36257K [0x000000076ab00000, 0x000000078aa80000, 0x00000007c0000000)
  eden space 302592K, 0% used [0x000000076ab00000,0x000000076ab00000,0x000000077d280000)
  from space 78848K, 45% used [0x000000077d280000,0x000000077f5e8698,0x0000000781f80000)
  to   space 91136K, 0% used [0x0000000785180000,0x0000000785180000,0x000000078aa80000)
 ParOldGen       total 380928K, used 248768K [0x00000006c0000000, 0x00000006d7400000, 0x000000076ab00000)
  object space 380928K, 65% used [0x00000006c0000000,0x00000006cf2f03e8,0x00000006d7400000)
 Metaspace       used 6696K, capacity 7320K, committed 7680K, reserved 1056768K
  class space    used 628K, capacity 656K, committed 768K, reserved 1048576K
}
Event: 22.480 GC heap before
{Heap before GC invocations=22 (full 4):
 PSYoungGen      total 381440K, used 338849K [0x000000076ab00000, 0x000000078aa80000, 0x00000007c0000000)
  eden space 302592K, 100% used [0x000000076ab00000,0x000000077d280000,0x000000077d280000)
  from space 78848K, 45% used [0x000000077d280000,0x000000077f5e8698,0x0000000781f80000)
  to   space 91136K, 0% used [0x0000000785180000,0x0000000785180000,0x000000078aa80000)
 ParOldGen       total 380928K, used 248768K [0x00000006c0000000, 0x00000006d7400000, 0x000000076ab00000)
  object space 380928K, 65% used [0x00000006c0000000,0x00000006cf2f03e8,0x00000006d7400000)
 Metaspace       used 6700K, capacity 7320K, committed 7680K, reserved 1056768K
  class space    used 628K, capacity 656K, committed 768K, reserved 1048576K
Event: 22.856 GC heap after
Heap after GC invocations=22 (full 4):
 PSYoungGen      total 420864K, used 80433K [0x000000076ab00000, 0x000000078bd80000, 0x00000007c0000000)
  eden space 329728K, 0% used [0x000000076ab00000,0x000000076ab00000,0x000000077ed00000)
  from space 91136K, 88% used [0x0000000785180000,0x000000078a00c610,0x000000078aa80000)
  to   space 102912K, 0% used [0x000000077ed00000,0x000000077ed00000,0x0000000785180000)
 ParOldGen       total 380928K, used 248768K [0x00000006c0000000, 0x00000006d7400000, 0x000000076ab00000)
  object space 380928K, 65% used [0x00000006c0000000,0x00000006cf2f03e8,0x00000006d7400000)
 Metaspace       used 6700K, capacity 7320K, committed 7680K, reserved 1056768K
  class space    used 628K, capacity 656K, committed 768K, reserved 1048576K
}
Event: 24.712 GC heap before
{Heap before GC invocations=23 (full 4):
 PSYoungGen      total 420864K, used 410161K [0x000000076ab00000, 0x000000078bd80000, 0x00000007c0000000)
  eden space 329728K, 100% used [0x000000076ab00000,0x000000077ed00000,0x000000077ed00000)
  from space 91136K, 88% used [0x0000000785180000,0x000000078a00c610,0x000000078aa80000)
  to   space 102912K, 0% used [0x000000077ed00000,0x000000077ed00000,0x0000000785180000)
 ParOldGen       total 380928K, used 248768K [0x00000006c0000000, 0x00000006d7400000, 0x000000076ab00000)
  object space 380928K, 65% used [0x00000006c0000000,0x00000006cf2f03e8,0x00000006d7400000)
 Metaspace       used 6704K, capacity 7320K, committed 7680K, reserved 1056768K
  class space    used 628K, capacity 656K, committed 768K, reserved 1048576K
Event: 24.955 GC heap after
Heap after GC invocations=23 (full 4):
 PSYoungGen      total 432640K, used 102906K [0x000000076ab00000, 0x0000000791480000, 0x00000007c0000000)
  eden space 329728K, 0% used [0x000000076ab00000,0x000000076ab00000,0x000000077ed00000)
  from space 102912K, 99% used [0x000000077ed00000,0x000000078517e9b8,0x0000000785180000)
  to   space 132096K, 0% used [0x0000000789380000,0x0000000789380000,0x0000000791480000)
 ParOldGen       total 380928K, used 280944K [0x00000006c0000000, 0x00000006d7400000, 0x000000076ab00000)
  object space 380928K, 73% used [0x00000006c0000000,0x00000006d125c330,0x00000006d7400000)
 Metaspace       used 6704K, capacity 7320K, committed 7680K, reserved 1056768K
  class space    used 628K, capacity 656K, committed 768K, reserved 1048576K
}

