# JRE version: Java(TM) SE Runtime Environment (8.0_77-b03) (build 1.8.0_77-b03)
# Java VM: Java HotSpot(TM) 64-Bit Server VM (25.77-b03 mixed mode windows-amd64 compressed oops)
Heap:
 PSYoungGen      total 232960K, used 3510K [0x00000000eab00000, 0x0000000100000000, 0x0000000100000000)
  eden space 116736K, 3% used [0x00000000eab00000,0x00000000eae6d900,0x00000000f1d00000)
  from space 116224K, 0% used [0x00000000f8e80000,0x00000000f8e80000,0x0000000100000000)
  to   space 116224K, 0% used [0x00000000f1d00000,0x00000000f1d00000,0x00000000f8e80000)
 ParOldGen       total 281088K, used 242698K [0x00000000c0000000, 0x00000000d1280000, 0x00000000eab00000)
  object space 281088K, 86% used [0x00000000c0000000,0x00000000ced02888,0x00000000d1280000)
 Metaspace       used 6562K, capacity 7256K, committed 7424K, reserved 1056768K
  class space    used 628K, capacity 656K, committed 768K, reserved 1048576K
GC Heap History (10 events):
Event: 36.689 GC heap before
{Heap before GC invocations=18 (full 4):
 PSYoungGen      total 232960K, used 232938K [0x00000000eab00000, 0x0000000100000000, 0x0000000100000000)
  eden space 116736K, 100% used [0x00000000eab00000,0x00000000f1d00000,0x00000000f1d00000)
  from space 116224K, 99% used [0x00000000f1d00000,0x00000000f8e7ab70,0x00000000f8e80000)
  to   space 116224K, 0% used [0x00000000f8e80000,0x00000000f8e80000,0x0000000100000000)
 ParOldGen       total 281088K, used 155823K [0x00000000c0000000, 0x00000000d1280000, 0x00000000eab00000)
  object space 281088K, 55% used [0x00000000c0000000,0x00000000c982bfb8,0x00000000d1280000)
 Metaspace       used 6562K, capacity 7256K, committed 7424K, reserved 1056768K
  class space    used 628K, capacity 656K, committed 768K, reserved 1048576K
Event: 37.322 GC heap after
Heap after GC invocations=18 (full 4):
 PSYoungGen      total 232960K, used 70410K [0x00000000eab00000, 0x0000000100000000, 0x0000000100000000)
  eden space 116736K, 0% used [0x00000000eab00000,0x00000000eab00000,0x00000000f1d00000)
  from space 116224K, 60% used [0x00000000f8e80000,0x00000000fd342b98,0x0000000100000000)
  to   space 116224K, 0% used [0x00000000f1d00000,0x00000000f1d00000,0x00000000f8e80000)
 ParOldGen       total 281088K, used 253305K [0x00000000c0000000, 0x00000000d1280000, 0x00000000eab00000)
  object space 281088K, 90% used [0x00000000c0000000,0x00000000cf75e748,0x00000000d1280000)
 Metaspace       used 6562K, capacity 7256K, committed 7424K, reserved 1056768K
  class space    used 628K, capacity 656K, committed 768K, reserved 1048576K
}
Event: 37.322 GC heap before
{Heap before GC invocations=19 (full 5):
 PSYoungGen      total 232960K, used 70410K [0x00000000eab00000, 0x0000000100000000, 0x0000000100000000)
  eden space 116736K, 0% used [0x00000000eab00000,0x00000000eab00000,0x00000000f1d00000)
  from space 116224K, 60% used [0x00000000f8e80000,0x00000000fd342b98,0x0000000100000000)
  to   space 116224K, 0% used [0x00000000f1d00000,0x00000000f1d00000,0x00000000f8e80000)
 ParOldGen       total 281088K, used 253305K [0x00000000c0000000, 0x00000000d1280000, 0x00000000eab00000)
  object space 281088K, 90% used [0x00000000c0000000,0x00000000cf75e748,0x00000000d1280000)
 Metaspace       used 6562K, capacity 7256K, committed 7424K, reserved 1056768K
  class space    used 628K, capacity 656K, committed 768K, reserved 1048576K
Event: 38.768 GC heap after
Heap after GC invocations=19 (full 5):
 PSYoungGen      total 232960K, used 0K [0x00000000eab00000, 0x0000000100000000, 0x0000000100000000)
  eden space 116736K, 0% used [0x00000000eab00000,0x00000000eab00000,0x00000000f1d00000)
  from space 116224K, 0% used [0x00000000f8e80000,0x00000000f8e80000,0x0000000100000000)
  to   space 116224K, 0% used [0x00000000f1d00000,0x00000000f1d00000,0x00000000f8e80000)
 ParOldGen       total 281088K, used 150880K [0x00000000c0000000, 0x00000000d1280000, 0x00000000eab00000)
  object space 281088K, 53% used [0x00000000c0000000,0x00000000c93581f8,0x00000000d1280000)
 Metaspace       used 6562K, capacity 7256K, committed 7424K, reserved 1056768K
  class space    used 628K, capacity 656K, committed 768K, reserved 1048576K
}
Event: 40.415 GC heap before
{Heap before GC invocations=20 (full 5):
 PSYoungGen      total 232960K, used 116736K [0x00000000eab00000, 0x0000000100000000, 0x0000000100000000)
  eden space 116736K, 100% used [0x00000000eab00000,0x00000000f1d00000,0x00000000f1d00000)
  from space 116224K, 0% used [0x00000000f8e80000,0x00000000f8e80000,0x0000000100000000)
  to   space 116224K, 0% used [0x00000000f1d00000,0x00000000f1d00000,0x00000000f8e80000)
 ParOldGen       total 281088K, used 150880K [0x00000000c0000000, 0x00000000d1280000, 0x00000000eab00000)
  object space 281088K, 53% used [0x00000000c0000000,0x00000000c93581f8,0x00000000d1280000)
 Metaspace       used 6562K, capacity 7256K, committed 7424K, reserved 1056768K
  class space    used 628K, capacity 656K, committed 768K, reserved 1048576K
Event: 40.770 GC heap after
Heap after GC invocations=20 (full 5):
 PSYoungGen      total 232960K, used 57723K [0x00000000eab00000, 0x0000000100000000, 0x0000000100000000)
  eden space 116736K, 0% used [0x00000000eab00000,0x00000000eab00000,0x00000000f1d00000)
  from space 116224K, 49% used [0x00000000f1d00000,0x00000000f555ec80,0x00000000f8e80000)
  to   space 116224K, 0% used [0x00000000f8e80000,0x00000000f8e80000,0x0000000100000000)
 ParOldGen       total 281088K, used 150880K [0x00000000c0000000, 0x00000000d1280000, 0x00000000eab00000)
  object space 281088K, 53% used [0x00000000c0000000,0x00000000c93581f8,0x00000000d1280000)
 Metaspace       used 6562K, capacity 7256K, committed 7424K, reserved 1056768K
  class space    used 628K, capacity 656K, committed 768K, reserved 1048576K
}
Event: 42.153 GC heap before
{Heap before GC invocations=21 (full 5):
 PSYoungGen      total 232960K, used 174459K [0x00000000eab00000, 0x0000000100000000, 0x0000000100000000)
  eden space 116736K, 100% used [0x00000000eab00000,0x00000000f1d00000,0x00000000f1d00000)
  from space 116224K, 49% used [0x00000000f1d00000,0x00000000f555ec80,0x00000000f8e80000)
  to   space 116224K, 0% used [0x00000000f8e80000,0x00000000f8e80000,0x0000000100000000)
 ParOldGen       total 281088K, used 150880K [0x00000000c0000000, 0x00000000d1280000, 0x00000000eab00000)
  object space 281088K, 53% used [0x00000000c0000000,0x00000000c93581f8,0x00000000d1280000)
 Metaspace       used 6562K, capacity 7256K, committed 7424K, reserved 1056768K
  class space    used 628K, capacity 656K, committed 768K, reserved 1048576K
Event: 42.383 GC heap after
Heap after GC invocations=21 (full 5):
 PSYoungGen      total 232960K, used 41982K [0x00000000eab00000, 0x0000000100000000, 0x0000000100000000)
  eden space 116736K, 0% used [0x00000000eab00000,0x00000000eab00000,0x00000000f1d00000)
  from space 116224K, 36% used [0x00000000f8e80000,0x00000000fb77fa68,0x0000000100000000)
  to   space 116224K, 0% used [0x00000000f1d00000,0x00000000f1d00000,0x00000000f8e80000)
 ParOldGen       total 281088K, used 209797K [0x00000000c0000000, 0x00000000d1280000, 0x00000000eab00000)
  object space 281088K, 74% used [0x00000000c0000000,0x00000000ccce1550,0x00000000d1280000)
 Metaspace       used 6562K, capacity 7256K, committed 7424K, reserved 1056768K
  class space    used 628K, capacity 656K, committed 768K, reserved 1048576K
}
Event: 42.383 GC heap before
{Heap before GC invocations=22 (full 6):
 PSYoungGen      total 232960K, used 41982K [0x00000000eab00000, 0x0000000100000000, 0x0000000100000000)
  eden space 116736K, 0% used [0x00000000eab00000,0x00000000eab00000,0x00000000f1d00000)
  from space 116224K, 36% used [0x00000000f8e80000,0x00000000fb77fa68,0x0000000100000000)
  to   space 116224K, 0% used [0x00000000f1d00000,0x00000000f1d00000,0x00000000f8e80000)
 ParOldGen       total 281088K, used 209797K [0x00000000c0000000, 0x00000000d1280000, 0x00000000eab00000)
  object space 281088K, 74% used [0x00000000c0000000,0x00000000ccce1550,0x00000000d1280000)
 Metaspace       used 6562K, capacity 7256K, committed 7424K, reserved 1056768K
  class space    used 628K, capacity 656K, committed 768K, reserved 1048576K
Event: 44.085 GC heap after
Heap after GC invocations=22 (full 6):
 PSYoungGen      total 232960K, used 0K [0x00000000eab00000, 0x0000000100000000, 0x0000000100000000)
  eden space 116736K, 0% used [0x00000000eab00000,0x00000000eab00000,0x00000000f1d00000)
  from space 116224K, 0% used [0x00000000f8e80000,0x00000000f8e80000,0x0000000100000000)
  to   space 116224K, 0% used [0x00000000f1d00000,0x00000000f1d00000,0x00000000f8e80000)
 ParOldGen       total 281088K, used 242698K [0x00000000c0000000, 0x00000000d1280000, 0x00000000eab00000)
  object space 281088K, 86% used [0x00000000c0000000,0x00000000ced02888,0x00000000d1280000)
 Metaspace       used 6562K, capacity 7256K, committed 7424K, reserved 1056768K
  class space    used 628K, capacity 656K, committed 768K, reserved 1048576K
}

