# JRE version: Java(TM) SE Runtime Environment (8.0_77-b03) (build 1.8.0_77-b03)
# Java VM: Java HotSpot(TM) 64-Bit Server VM (25.77-b03 mixed mode windows-amd64 compressed oops)
Heap:
 PSYoungGen      total 132096K, used 122879K [0x000000076ab00000, 0x0000000773e00000, 0x00000007c0000000)
  eden space 122880K, 99% used [0x000000076ab00000,0x00000007722ffff8,0x0000000772300000)
  from space 9216K, 0% used [0x0000000772f00000,0x0000000772f00000,0x0000000773800000)
  to   space 12288K, 0% used [0x0000000772300000,0x0000000772300000,0x0000000772f00000)
 ParOldGen       total 50688K, used 50436K [0x00000006c0000000, 0x00000006c3180000, 0x000000076ab00000)
  object space 50688K, 99% used [0x00000006c0000000,0x00000006c31413e0,0x00000006c3180000)
 Metaspace       used 6677K, capacity 7320K, committed 7680K, reserved 1056768K
  class space    used 629K, capacity 656K, committed 768K, reserved 1048576K
GC Heap History (10 events):
Event: 70.987 GC heap after
Heap after GC invocations=121 (full 111):
 PSYoungGen      total 132096K, used 122879K [0x000000076ab00000, 0x0000000773e00000, 0x00000007c0000000)
  eden space 122880K, 99% used [0x000000076ab00000,0x00000007722ffe68,0x0000000772300000)
  from space 9216K, 0% used [0x0000000772f00000,0x0000000772f00000,0x0000000773800000)
  to   space 12288K, 0% used [0x0000000772300000,0x0000000772300000,0x0000000772f00000)
 ParOldGen       total 50688K, used 50434K [0x00000006c0000000, 0x00000006c3180000, 0x000000076ab00000)
  object space 50688K, 99% used [0x00000006c0000000,0x00000006c31409f0,0x00000006c3180000)
 Metaspace       used 6677K, capacity 7320K, committed 7680K, reserved 1056768K
  class space    used 629K, capacity 656K, committed 768K, reserved 1048576K
}
Event: 71.003 GC heap before
{Heap before GC invocations=122 (full 112):
 PSYoungGen      total 132096K, used 122880K [0x000000076ab00000, 0x0000000773e00000, 0x00000007c0000000)
  eden space 122880K, 100% used [0x000000076ab00000,0x0000000772300000,0x0000000772300000)
  from space 9216K, 0% used [0x0000000772f00000,0x0000000772f00000,0x0000000773800000)
  to   space 12288K, 0% used [0x0000000772300000,0x0000000772300000,0x0000000772f00000)
 ParOldGen       total 50688K, used 50434K [0x00000006c0000000, 0x00000006c3180000, 0x000000076ab00000)
  object space 50688K, 99% used [0x00000006c0000000,0x00000006c31409f0,0x00000006c3180000)
 Metaspace       used 6677K, capacity 7320K, committed 7680K, reserved 1056768K
  class space    used 629K, capacity 656K, committed 768K, reserved 1048576K
Event: 71.519 GC heap after
Heap after GC invocations=122 (full 112):
 PSYoungGen      total 132096K, used 122879K [0x000000076ab00000, 0x0000000773e00000, 0x00000007c0000000)
  eden space 122880K, 99% used [0x000000076ab00000,0x00000007722ffff0,0x0000000772300000)
  from space 9216K, 0% used [0x0000000772f00000,0x0000000772f00000,0x0000000773800000)
  to   space 12288K, 0% used [0x0000000772300000,0x0000000772300000,0x0000000772f00000)
 ParOldGen       total 50688K, used 50434K [0x00000006c0000000, 0x00000006c3180000, 0x000000076ab00000)
  object space 50688K, 99% used [0x00000006c0000000,0x00000006c31409f0,0x00000006c3180000)
 Metaspace       used 6677K, capacity 7320K, committed 7680K, reserved 1056768K
  class space    used 629K, capacity 656K, committed 768K, reserved 1048576K
}
Event: 71.519 GC heap before
{Heap before GC invocations=123 (full 113):
 PSYoungGen      total 132096K, used 122879K [0x000000076ab00000, 0x0000000773e00000, 0x00000007c0000000)
  eden space 122880K, 99% used [0x000000076ab00000,0x00000007722ffff0,0x0000000772300000)
  from space 9216K, 0% used [0x0000000772f00000,0x0000000772f00000,0x0000000773800000)
  to   space 12288K, 0% used [0x0000000772300000,0x0000000772300000,0x0000000772f00000)
 ParOldGen       total 50688K, used 50436K [0x00000006c0000000, 0x00000006c3180000, 0x000000076ab00000)
  object space 50688K, 99% used [0x00000006c0000000,0x00000006c3141238,0x00000006c3180000)
 Metaspace       used 6677K, capacity 7320K, committed 7680K, reserved 1056768K
  class space    used 629K, capacity 656K, committed 768K, reserved 1048576K
Event: 72.024 GC heap after
Heap after GC invocations=123 (full 113):
 PSYoungGen      total 132096K, used 122879K [0x000000076ab00000, 0x0000000773e00000, 0x00000007c0000000)
  eden space 122880K, 99% used [0x000000076ab00000,0x00000007722fff80,0x0000000772300000)
  from space 9216K, 0% used [0x0000000772f00000,0x0000000772f00000,0x0000000773800000)
  to   space 12288K, 0% used [0x0000000772300000,0x0000000772300000,0x0000000772f00000)
 ParOldGen       total 50688K, used 50435K [0x00000006c0000000, 0x00000006c3180000, 0x000000076ab00000)
  object space 50688K, 99% used [0x00000006c0000000,0x00000006c3140f18,0x00000006c3180000)
 Metaspace       used 6677K, capacity 7320K, committed 7680K, reserved 1056768K
  class space    used 629K, capacity 656K, committed 768K, reserved 1048576K
}
Event: 72.024 GC heap before
{Heap before GC invocations=124 (full 114):
 PSYoungGen      total 132096K, used 122880K [0x000000076ab00000, 0x0000000773e00000, 0x00000007c0000000)
  eden space 122880K, 100% used [0x000000076ab00000,0x0000000772300000,0x0000000772300000)
  from space 9216K, 0% used [0x0000000772f00000,0x0000000772f00000,0x0000000773800000)
  to   space 12288K, 0% used [0x0000000772300000,0x0000000772300000,0x0000000772f00000)
 ParOldGen       total 50688K, used 50435K [0x00000006c0000000, 0x00000006c3180000, 0x000000076ab00000)
  object space 50688K, 99% used [0x00000006c0000000,0x00000006c3140f18,0x00000006c3180000)
 Metaspace       used 6677K, capacity 7320K, committed 7680K, reserved 1056768K
  class space    used 629K, capacity 656K, committed 768K, reserved 1048576K
Event: 72.555 GC heap after
Heap after GC invocations=124 (full 114):
 PSYoungGen      total 132096K, used 122879K [0x000000076ab00000, 0x0000000773e00000, 0x00000007c0000000)
  eden space 122880K, 99% used [0x000000076ab00000,0x00000007722fffc8,0x0000000772300000)
  from space 9216K, 0% used [0x0000000772f00000,0x0000000772f00000,0x0000000773800000)
  to   space 12288K, 0% used [0x0000000772300000,0x0000000772300000,0x0000000772f00000)
 ParOldGen       total 50688K, used 50435K [0x00000006c0000000, 0x00000006c3180000, 0x000000076ab00000)
  object space 50688K, 99% used [0x00000006c0000000,0x00000006c3140ed8,0x00000006c3180000)
 Metaspace       used 6677K, capacity 7320K, committed 7680K, reserved 1056768K
  class space    used 629K, capacity 656K, committed 768K, reserved 1048576K
}
Event: 72.558 GC heap before
{Heap before GC invocations=125 (full 115):
 PSYoungGen      total 132096K, used 122880K [0x000000076ab00000, 0x0000000773e00000, 0x00000007c0000000)
  eden space 122880K, 100% used [0x000000076ab00000,0x0000000772300000,0x0000000772300000)
  from space 9216K, 0% used [0x0000000772f00000,0x0000000772f00000,0x0000000773800000)
  to   space 12288K, 0% used [0x0000000772300000,0x0000000772300000,0x0000000772f00000)
 ParOldGen       total 50688K, used 50437K [0x00000006c0000000, 0x00000006c3180000, 0x000000076ab00000)
  object space 50688K, 99% used [0x00000006c0000000,0x00000006c3141648,0x00000006c3180000)
 Metaspace       used 6677K, capacity 7320K, committed 7680K, reserved 1056768K
  class space    used 629K, capacity 656K, committed 768K, reserved 1048576K
Event: 73.136 GC heap after
Heap after GC invocations=125 (full 115):
 PSYoungGen      total 132096K, used 122879K [0x000000076ab00000, 0x0000000773e00000, 0x00000007c0000000)
  eden space 122880K, 99% used [0x000000076ab00000,0x00000007722fffe0,0x0000000772300000)
  from space 9216K, 0% used [0x0000000772f00000,0x0000000772f00000,0x0000000773800000)
  to   space 12288K, 0% used [0x0000000772300000,0x0000000772300000,0x0000000772f00000)
 ParOldGen       total 50688K, used 50436K [0x00000006c0000000, 0x00000006c3180000, 0x000000076ab00000)
  object space 50688K, 99% used [0x00000006c0000000,0x00000006c31413e0,0x00000006c3180000)
 Metaspace       used 6677K, capacity 7320K, committed 7680K, reserved 1056768K
  class space    used 629K, capacity 656K, committed 768K, reserved 1048576K
}
Event: 73.136 GC heap before
{Heap before GC invocations=126 (full 116):
 PSYoungGen      total 132096K, used 122879K [0x000000076ab00000, 0x0000000773e00000, 0x00000007c0000000)
  eden space 122880K, 99% used [0x000000076ab00000,0x00000007722ffff8,0x0000000772300000)
  from space 9216K, 0% used [0x0000000772f00000,0x0000000772f00000,0x0000000773800000)
  to   space 12288K, 0% used [0x0000000772300000,0x0000000772300000,0x0000000772f00000)
 ParOldGen       total 50688K, used 50436K [0x00000006c0000000, 0x00000006c3180000, 0x000000076ab00000)
  object space 50688K, 99% used [0x00000006c0000000,0x00000006c31413e0,0x00000006c3180000)
 Metaspace       used 6677K, capacity 7320K, committed 7680K, reserved 1056768K
  class space    used 629K, capacity 656K, committed 768K, reserved 1048576K

