# JRE version: Java(TM) SE Runtime Environment (8.0_77-b03) (build 1.8.0_77-b03)
# Java VM: Java HotSpot(TM) 64-Bit Server VM (25.77-b03 mixed mode windows-amd64 compressed oops)
Heap:
 PSYoungGen      total 89088K, used 35577K [0x00000000eab00000, 0x00000000f1e80000, 0x0000000100000000)
  eden space 70144K, 25% used [0x00000000eab00000,0x00000000ebc2e7e0,0x00000000eef80000)
  from space 18944K, 94% used [0x00000000f0480000,0x00000000f1610010,0x00000000f1700000)
  to   space 21504K, 0% used [0x00000000eef80000,0x00000000eef80000,0x00000000f0480000)
 ParOldGen       total 74240K, used 36366K [0x00000000c0000000, 0x00000000c4880000, 0x00000000eab00000)
  object space 74240K, 48% used [0x00000000c0000000,0x00000000c2383b50,0x00000000c4880000)
 Metaspace       used 6833K, capacity 7448K, committed 7680K, reserved 1056768K
  class space    used 641K, capacity 656K, committed 768K, reserved 1048576K
GC Heap History (10 events):
Event: 3.488 GC heap before
{Heap before GC invocations=7 (full 0):
 PSYoungGen      total 70144K, used 69712K [0x00000000eab00000, 0x00000000efa00000, 0x0000000100000000)
  eden space 62464K, 100% used [0x00000000eab00000,0x00000000ee800000,0x00000000ee800000)
  from space 7680K, 94% used [0x00000000ef080000,0x00000000ef794028,0x00000000ef800000)
  to   space 8704K, 0% used [0x00000000ee800000,0x00000000ee800000,0x00000000ef080000)
 ParOldGen       total 42496K, used 11764K [0x00000000c0000000, 0x00000000c2980000, 0x00000000eab00000)
  object space 42496K, 27% used [0x00000000c0000000,0x00000000c0b7d080,0x00000000c2980000)
 Metaspace       used 6460K, capacity 7192K, committed 7424K, reserved 1056768K
  class space    used 624K, capacity 656K, committed 768K, reserved 1048576K
Event: 3.538 GC heap after
Heap after GC invocations=7 (full 0):
 PSYoungGen      total 71168K, used 8695K [0x00000000eab00000, 0x00000000efa00000, 0x0000000100000000)
  eden space 62464K, 0% used [0x00000000eab00000,0x00000000eab00000,0x00000000ee800000)
  from space 8704K, 99% used [0x00000000ee800000,0x00000000ef07ddf8,0x00000000ef080000)
  to   space 7680K, 0% used [0x00000000ef080000,0x00000000ef080000,0x00000000ef800000)
 ParOldGen       total 42496K, used 23229K [0x00000000c0000000, 0x00000000c2980000, 0x00000000eab00000)
  object space 42496K, 54% used [0x00000000c0000000,0x00000000c16af5c0,0x00000000c2980000)
 Metaspace       used 6460K, capacity 7192K, committed 7424K, reserved 1056768K
  class space    used 624K, capacity 656K, committed 768K, reserved 1048576K
}
Event: 4.374 GC heap before
{Heap before GC invocations=8 (full 0):
 PSYoungGen      total 71168K, used 71159K [0x00000000eab00000, 0x00000000efa00000, 0x0000000100000000)
  eden space 62464K, 100% used [0x00000000eab00000,0x00000000ee800000,0x00000000ee800000)
  from space 8704K, 99% used [0x00000000ee800000,0x00000000ef07ddf8,0x00000000ef080000)
  to   space 7680K, 0% used [0x00000000ef080000,0x00000000ef080000,0x00000000ef800000)
 ParOldGen       total 42496K, used 23229K [0x00000000c0000000, 0x00000000c2980000, 0x00000000eab00000)
  object space 42496K, 54% used [0x00000000c0000000,0x00000000c16af5c0,0x00000000c2980000)
 Metaspace       used 6512K, capacity 7192K, committed 7424K, reserved 1056768K
  class space    used 625K, capacity 656K, committed 768K, reserved 1048576K
Event: 4.439 GC heap after
Heap after GC invocations=8 (full 0):
 PSYoungGen      total 70144K, used 7670K [0x00000000eab00000, 0x00000000efa00000, 0x0000000100000000)
  eden space 62464K, 0% used [0x00000000eab00000,0x00000000eab00000,0x00000000ee800000)
  from space 7680K, 99% used [0x00000000ef080000,0x00000000ef7fd870,0x00000000ef800000)
  to   space 8704K, 0% used [0x00000000ee800000,0x00000000ee800000,0x00000000ef080000)
 ParOldGen       total 42496K, used 34416K [0x00000000c0000000, 0x00000000c2980000, 0x00000000eab00000)
  object space 42496K, 80% used [0x00000000c0000000,0x00000000c219c140,0x00000000c2980000)
 Metaspace       used 6512K, capacity 7192K, committed 7424K, reserved 1056768K
  class space    used 625K, capacity 656K, committed 768K, reserved 1048576K
}
Event: 4.439 GC heap before
{Heap before GC invocations=9 (full 1):
 PSYoungGen      total 70144K, used 7670K [0x00000000eab00000, 0x00000000efa00000, 0x0000000100000000)
  eden space 62464K, 0% used [0x00000000eab00000,0x00000000eab00000,0x00000000ee800000)
  from space 7680K, 99% used [0x00000000ef080000,0x00000000ef7fd870,0x00000000ef800000)
  to   space 8704K, 0% used [0x00000000ee800000,0x00000000ee800000,0x00000000ef080000)
 ParOldGen       total 42496K, used 34416K [0x00000000c0000000, 0x00000000c2980000, 0x00000000eab00000)
  object space 42496K, 80% used [0x00000000c0000000,0x00000000c219c140,0x00000000c2980000)
 Metaspace       used 6512K, capacity 7192K, committed 7424K, reserved 1056768K
  class space    used 625K, capacity 656K, committed 768K, reserved 1048576K
Event: 5.330 GC heap after
Heap after GC invocations=9 (full 1):
 PSYoungGen      total 70144K, used 0K [0x00000000eab00000, 0x00000000efa00000, 0x0000000100000000)
  eden space 62464K, 0% used [0x00000000eab00000,0x00000000eab00000,0x00000000ee800000)
  from space 7680K, 0% used [0x00000000ef080000,0x00000000ef080000,0x00000000ef800000)
  to   space 8704K, 0% used [0x00000000ee800000,0x00000000ee800000,0x00000000ef080000)
 ParOldGen       total 74240K, used 35082K [0x00000000c0000000, 0x00000000c4880000, 0x00000000eab00000)
  object space 74240K, 47% used [0x00000000c0000000,0x00000000c2242a48,0x00000000c4880000)
 Metaspace       used 6512K, capacity 7192K, committed 7424K, reserved 1056768K
  class space    used 625K, capacity 656K, committed 768K, reserved 1048576K
}
Event: 5.937 GC heap before
{Heap before GC invocations=10 (full 1):
 PSYoungGen      total 70144K, used 62464K [0x00000000eab00000, 0x00000000efa00000, 0x0000000100000000)
  eden space 62464K, 100% used [0x00000000eab00000,0x00000000ee800000,0x00000000ee800000)
  from space 7680K, 0% used [0x00000000ef080000,0x00000000ef080000,0x00000000ef800000)
  to   space 8704K, 0% used [0x00000000ee800000,0x00000000ee800000,0x00000000ef080000)
 ParOldGen       total 74240K, used 35082K [0x00000000c0000000, 0x00000000c4880000, 0x00000000eab00000)
  object space 74240K, 47% used [0x00000000c0000000,0x00000000c2242a48,0x00000000c4880000)
 Metaspace       used 6539K, capacity 7192K, committed 7424K, reserved 1056768K
  class space    used 625K, capacity 656K, committed 768K, reserved 1048576K
Event: 5.968 GC heap after
Heap after GC invocations=10 (full 1):
 PSYoungGen      total 71168K, used 8672K [0x00000000eab00000, 0x00000000f1700000, 0x0000000100000000)
  eden space 62464K, 0% used [0x00000000eab00000,0x00000000eab00000,0x00000000ee800000)
  from space 8704K, 99% used [0x00000000ee800000,0x00000000ef078010,0x00000000ef080000)
  to   space 18944K, 0% used [0x00000000f0480000,0x00000000f0480000,0x00000000f1700000)
 ParOldGen       total 74240K, used 36358K [0x00000000c0000000, 0x00000000c4880000, 0x00000000eab00000)
  object space 74240K, 48% used [0x00000000c0000000,0x00000000c2381b50,0x00000000c4880000)
 Metaspace       used 6539K, capacity 7192K, committed 7424K, reserved 1056768K
  class space    used 625K, capacity 656K, committed 768K, reserved 1048576K
}
Event: 6.322 GC heap before
{Heap before GC invocations=11 (full 1):
 PSYoungGen      total 71168K, used 71136K [0x00000000eab00000, 0x00000000f1700000, 0x0000000100000000)
  eden space 62464K, 100% used [0x00000000eab00000,0x00000000ee800000,0x00000000ee800000)
  from space 8704K, 99% used [0x00000000ee800000,0x00000000ef078010,0x00000000ef080000)
  to   space 18944K, 0% used [0x00000000f0480000,0x00000000f0480000,0x00000000f1700000)
 ParOldGen       total 74240K, used 36358K [0x00000000c0000000, 0x00000000c4880000, 0x00000000eab00000)
  object space 74240K, 48% used [0x00000000c0000000,0x00000000c2381b50,0x00000000c4880000)
 Metaspace       used 6552K, capacity 7256K, committed 7424K, reserved 1056768K
  class space    used 625K, capacity 656K, committed 768K, reserved 1048576K
Event: 6.388 GC heap after
Heap after GC invocations=11 (full 1):
 PSYoungGen      total 89088K, used 17984K [0x00000000eab00000, 0x00000000f1e80000, 0x0000000100000000)
  eden space 70144K, 0% used [0x00000000eab00000,0x00000000eab00000,0x00000000eef80000)
  from space 18944K, 94% used [0x00000000f0480000,0x00000000f1610010,0x00000000f1700000)
  to   space 21504K, 0% used [0x00000000eef80000,0x00000000eef80000,0x00000000f0480000)
 ParOldGen       total 74240K, used 36366K [0x00000000c0000000, 0x00000000c4880000, 0x00000000eab00000)
  object space 74240K, 48% used [0x00000000c0000000,0x00000000c2383b50,0x00000000c4880000)
 Metaspace       used 6552K, capacity 7256K, committed 7424K, reserved 1056768K
  class space    used 625K, capacity 656K, committed 768K, reserved 1048576K
}

